2023-03-16 14:42:31|ERROR|App.User_User.Login|PDOException: SQLSTATE[42S02]: Base table or view not found: 1146 Table 'phalapi.phalapi_user' doesn't exist in D:\phpStudy\PHPTutorial\WWW\Phalapi\vendor\phalapi\notorm\src\NotORM\Result.php:237
Stack trace:
#0 D:\phpStudy\PHPTutorial\WWW\Phalapi\vendor\phalapi\notorm\src\NotORM\Result.php(237): PDO->prepare('SELECT id FROM ...')
#1 D:\phpStudy\PHPTutorial\WWW\Phalapi\vendor\phalapi\notorm\src\NotORM\Result.php(923): NotORM_Result->query('SELECT id FROM ...', Array)
#2 D:\phpStudy\PHPTutorial\WWW\Phalapi\vendor\phalapi\notorm\src\NotORM\Result.php(1008): NotORM_Result->execute()
#3 D:\phpStudy\PHPTutorial\WWW\Phalapi\vendor\phalapi\kernal\src\Model\DataModel.php(153): NotORM_Result->fetchAll()
#4 D:\phpStudy\PHPTutorial\WWW\Phalapi\vendor\phalapi\kernal\src\Model\DataModel.php(133): PhalApi\Model\DataModel->getDataMoreBy('username', 'ggabram', 1, 'id')
#5 D:\phpStudy\PHPTutorial\WWW\Phalapi\vendor\phalapi\kernal\src\Model\DataModel.php(212): PhalApi\Model\DataModel->getDataBy('username', 'ggabram', 'id', false)
#6 D:\phpStudy\PHPTutorial\WWW\Phalapi\src\app\Domain\User\User.php(18): PhalApi\Model\DataModel->__call('getDataByUserna...', Array)
#7 D:\phpStudy\PHPTutorial\WWW\Phalapi\src\app\Api\User\User.php(75): App\Domain\User\User->getUserByUsername('ggabram', 'id')
#8 [internal function]: App\Api\User\User->login()
#9 D:\phpStudy\PHPTutorial\WWW\Phalapi\vendor\phalapi\kernal\src\PhalApi.php(53): call_user_func(Array)
#10 D:\phpStudy\PHPTutorial\WWW\Phalapi\public\index.php(9): PhalApi\PhalApi->response()
#11 {main}
2023-03-16 14:54:18|ERROR|App.User_User.Login|PDOException: SQLSTATE[42S22]: Column not found: 1054 Unknown column 'id' in 'field list' in D:\phpStudy\PHPTutorial\WWW\Phalapi\vendor\phalapi\notorm\src\NotORM\Result.php:237
Stack trace:
#0 D:\phpStudy\PHPTutorial\WWW\Phalapi\vendor\phalapi\notorm\src\NotORM\Result.php(237): PDO->prepare('SELECT id FROM ...')
#1 D:\phpStudy\PHPTutorial\WWW\Phalapi\vendor\phalapi\notorm\src\NotORM\Result.php(923): NotORM_Result->query('SELECT id FROM ...', Array)
#2 D:\phpStudy\PHPTutorial\WWW\Phalapi\vendor\phalapi\notorm\src\NotORM\Result.php(1008): NotORM_Result->execute()
#3 D:\phpStudy\PHPTutorial\WWW\Phalapi\vendor\phalapi\kernal\src\Model\DataModel.php(153): NotORM_Result->fetchAll()
#4 D:\phpStudy\PHPTutorial\WWW\Phalapi\vendor\phalapi\kernal\src\Model\DataModel.php(133): PhalApi\Model\DataModel->getDataMoreBy('username', 'ggabram', 1, 'id')
#5 D:\phpStudy\PHPTutorial\WWW\Phalapi\vendor\phalapi\kernal\src\Model\DataModel.php(212): PhalApi\Model\DataModel->getDataBy('username', 'ggabram', 'id', false)
#6 D:\phpStudy\PHPTutorial\WWW\Phalapi\src\app\Domain\User\User.php(18): PhalApi\Model\DataModel->__call('getDataByUserna...', Array)
#7 D:\phpStudy\PHPTutorial\WWW\Phalapi\src\app\Api\User\User.php(75): App\Domain\User\User->getUserByUsername('ggabram', 'id')
#8 [internal function]: App\Api\User\User->login()
#9 D:\phpStudy\PHPTutorial\WWW\Phalapi\vendor\phalapi\kernal\src\PhalApi.php(53): call_user_func(Array)
#10 D:\phpStudy\PHPTutorial\WWW\Phalapi\public\index.php(9): PhalApi\PhalApi->response()
#11 {main}
2023-03-16 14:59:43|ERROR|App.User_User.Login|PDOException: SQLSTATE[42S22]: Column not found: 1054 Unknown column 'id' in 'field list' in D:\phpStudy\PHPTutorial\WWW\Phalapi\vendor\phalapi\notorm\src\NotORM\Result.php:237
Stack trace:
#0 D:\phpStudy\PHPTutorial\WWW\Phalapi\vendor\phalapi\notorm\src\NotORM\Result.php(237): PDO->prepare('SELECT id FROM ...')
#1 D:\phpStudy\PHPTutorial\WWW\Phalapi\vendor\phalapi\notorm\src\NotORM\Result.php(923): NotORM_Result->query('SELECT id FROM ...', Array)
#2 D:\phpStudy\PHPTutorial\WWW\Phalapi\vendor\phalapi\notorm\src\NotORM\Result.php(1008): NotORM_Result->execute()
#3 D:\phpStudy\PHPTutorial\WWW\Phalapi\vendor\phalapi\kernal\src\Model\DataModel.php(153): NotORM_Result->fetchAll()
#4 D:\phpStudy\PHPTutorial\WWW\Phalapi\vendor\phalapi\kernal\src\Model\DataModel.php(133): PhalApi\Model\DataModel->getDataMoreBy('username', 'ggabram', 1, 'id')
#5 D:\phpStudy\PHPTutorial\WWW\Phalapi\vendor\phalapi\kernal\src\Model\DataModel.php(212): PhalApi\Model\DataModel->getDataBy('username', 'ggabram', 'id', false)
#6 D:\phpStudy\PHPTutorial\WWW\Phalapi\src\app\Domain\User\User.php(18): PhalApi\Model\DataModel->__call('getDataByUserna...', Array)
#7 D:\phpStudy\PHPTutorial\WWW\Phalapi\src\app\Api\User\User.php(75): App\Domain\User\User->getUserByUsername('ggabram', 'id')
#8 [internal function]: App\Api\User\User->login()
#9 D:\phpStudy\PHPTutorial\WWW\Phalapi\vendor\phalapi\kernal\src\PhalApi.php(53): call_user_func(Array)
#10 D:\phpStudy\PHPTutorial\WWW\Phalapi\public\index.php(9): PhalApi\PhalApi->response()
#11 {main}
2023-03-16 15:01:16|ERROR|App.User_User.Login|PDOException: SQLSTATE[42S22]: Column not found: 1054 Unknown column 'id' in 'field list' in D:\phpStudy\PHPTutorial\WWW\Phalapi\vendor\phalapi\notorm\src\NotORM\Result.php:237
Stack trace:
#0 D:\phpStudy\PHPTutorial\WWW\Phalapi\vendor\phalapi\notorm\src\NotORM\Result.php(237): PDO->prepare('SELECT id FROM ...')
#1 D:\phpStudy\PHPTutorial\WWW\Phalapi\vendor\phalapi\notorm\src\NotORM\Result.php(923): NotORM_Result->query('SELECT id FROM ...', Array)
#2 D:\phpStudy\PHPTutorial\WWW\Phalapi\vendor\phalapi\notorm\src\NotORM\Result.php(1008): NotORM_Result->execute()
#3 D:\phpStudy\PHPTutorial\WWW\Phalapi\vendor\phalapi\kernal\src\Model\DataModel.php(153): NotORM_Result->fetchAll()
#4 D:\phpStudy\PHPTutorial\WWW\Phalapi\vendor\phalapi\kernal\src\Model\DataModel.php(133): PhalApi\Model\DataModel->getDataMoreBy('username', 'ggabram', 1, 'id')
#5 D:\phpStudy\PHPTutorial\WWW\Phalapi\vendor\phalapi\kernal\src\Model\DataModel.php(212): PhalApi\Model\DataModel->getDataBy('username', 'ggabram', 'id', false)
#6 D:\phpStudy\PHPTutorial\WWW\Phalapi\src\app\Domain\User\User.php(18): PhalApi\Model\DataModel->__call('getDataByUserna...', Array)
#7 D:\phpStudy\PHPTutorial\WWW\Phalapi\src\app\Api\User\User.php(75): App\Domain\User\User->getUserByUsername('ggabram', 'id')
#8 [internal function]: App\Api\User\User->login()
#9 D:\phpStudy\PHPTutorial\WWW\Phalapi\vendor\phalapi\kernal\src\PhalApi.php(53): call_user_func(Array)
#10 D:\phpStudy\PHPTutorial\WWW\Phalapi\public\index.php(9): PhalApi\PhalApi->response()
#11 {main}
2023-03-16 15:05:11|ERROR|App.User_User.Register|PDOException: SQLSTATE[42S22]: Column not found: 1054 Unknown column 'id' in 'field list' in D:\phpStudy\PHPTutorial\WWW\Phalapi\vendor\phalapi\notorm\src\NotORM\Result.php:237
Stack trace:
#0 D:\phpStudy\PHPTutorial\WWW\Phalapi\vendor\phalapi\notorm\src\NotORM\Result.php(237): PDO->prepare('SELECT id FROM ...')
#1 D:\phpStudy\PHPTutorial\WWW\Phalapi\vendor\phalapi\notorm\src\NotORM\Result.php(923): NotORM_Result->query('SELECT id FROM ...', Array)
#2 D:\phpStudy\PHPTutorial\WWW\Phalapi\vendor\phalapi\notorm\src\NotORM\Result.php(1008): NotORM_Result->execute()
#3 D:\phpStudy\PHPTutorial\WWW\Phalapi\vendor\phalapi\kernal\src\Model\DataModel.php(153): NotORM_Result->fetchAll()
#4 D:\phpStudy\PHPTutorial\WWW\Phalapi\vendor\phalapi\kernal\src\Model\DataModel.php(133): PhalApi\Model\DataModel->getDataMoreBy('username', 'ggabram', 1, 'id')
#5 D:\phpStudy\PHPTutorial\WWW\Phalapi\vendor\phalapi\kernal\src\Model\DataModel.php(212): PhalApi\Model\DataModel->getDataBy('username', 'ggabram', 'id', false)
#6 D:\phpStudy\PHPTutorial\WWW\Phalapi\src\app\Domain\User\User.php(18): PhalApi\Model\DataModel->__call('getDataByUserna...', Array)
#7 D:\phpStudy\PHPTutorial\WWW\Phalapi\src\app\Api\User\User.php(46): App\Domain\User\User->getUserByUsername('ggabram', 'id')
#8 [internal function]: App\Api\User\User->register()
#9 D:\phpStudy\PHPTutorial\WWW\Phalapi\vendor\phalapi\kernal\src\PhalApi.php(53): call_user_func(Array)
#10 D:\phpStudy\PHPTutorial\WWW\Phalapi\public\index.php(9): PhalApi\PhalApi->response()
#11 {main}
2023-03-16 15:06:05|SQL|[#1 - 0.92ms - SQL]D:\phpStudy\PHPTutorial\WWW\Phalapi\vendor\phalapi\kernal\src\Model\DataModel.php(133):    PhalApi\Model\DataModel::getDataMoreBy()    phalapi.wp_userinfo    SELECT uid FROM wp_userinfo WHERE (username = 'ggabram') LIMIT 0,1;|{"request":{"service":"App.User_User.Register"}}
2023-03-16 15:06:22|SQL|[#1 - 0.82ms - SQL]D:\phpStudy\PHPTutorial\WWW\Phalapi\vendor\phalapi\kernal\src\Model\DataModel.php(133):    PhalApi\Model\DataModel::getDataMoreBy()    phalapi.wp_userinfo    SELECT uid FROM wp_userinfo WHERE (username = 'ggabram') LIMIT 0,1;|{"request":{"service":"App.User_User.Register"}}
2023-03-16 15:06:35|SQL|[#1 - 0.73ms - SQL]D:\phpStudy\PHPTutorial\WWW\Phalapi\vendor\phalapi\kernal\src\Model\DataModel.php(133):    PhalApi\Model\DataModel::getDataMoreBy()    phalapi.wp_userinfo    SELECT uid FROM wp_userinfo WHERE (username = 'ggabram1') LIMIT 0,1;|{"request":{"service":"App.User_User.Register"}}
2023-03-16 15:06:35|ERROR|App.User_User.Register|PDOException: SQLSTATE[42S22]: Column not found: 1054 Unknown column 'avatar' in 'field list' in D:\phpStudy\PHPTutorial\WWW\Phalapi\vendor\phalapi\notorm\src\NotORM\Result.php:237
Stack trace:
#0 D:\phpStudy\PHPTutorial\WWW\Phalapi\vendor\phalapi\notorm\src\NotORM\Result.php(237): PDO->prepare('INSERT  INTO wp...')
#1 D:\phpStudy\PHPTutorial\WWW\Phalapi\vendor\phalapi\notorm\src\NotORM\Result.php(398): NotORM_Result->query('INSERT  INTO wp...', Array)
#2 D:\phpStudy\PHPTutorial\WWW\Phalapi\vendor\phalapi\notorm\src\NotORM\Result.php(415): NotORM_Result->insert_multi(Array)
#3 D:\phpStudy\PHPTutorial\WWW\Phalapi\vendor\phalapi\kernal\src\Model\NotORMModel.php(44): NotORM_Result->insert(Array)
#4 D:\phpStudy\PHPTutorial\WWW\Phalapi\vendor\phalapi\kernal\src\Model\DataModel.php(272): PhalApi\Model\NotORMModel->insert(Array, NULL)
#5 D:\phpStudy\PHPTutorial\WWW\Phalapi\src\app\Domain\User\User.php(38): PhalApi\Model\DataModel->insert(Array)
#6 D:\phpStudy\PHPTutorial\WWW\Phalapi\src\app\Api\User\User.php(57): App\Domain\User\User->register('ggabram1', '123456', Array)
#7 [internal function]: App\Api\User\User->register()
#8 D:\phpStudy\PHPTutorial\WWW\Phalapi\vendor\phalapi\kernal\src\PhalApi.php(53): call_user_func(Array)
#9 D:\phpStudy\PHPTutorial\WWW\Phalapi\public\index.php(9): PhalApi\PhalApi->response()
#10 {main}
2023-03-16 15:07:55|SQL|[#1 - 0.84ms - SQL]D:\phpStudy\PHPTutorial\WWW\Phalapi\vendor\phalapi\kernal\src\Model\DataModel.php(133):    PhalApi\Model\DataModel::getDataMoreBy()    phalapi.wp_userinfo    SELECT uid FROM wp_userinfo WHERE (username = 'ggabram1') LIMIT 0,1;|{"request":{"service":"App.User_User.Register"}}
2023-03-16 15:07:55|SQL|[#2 - 5.61ms - SQL]D:\phpStudy\PHPTutorial\WWW\Phalapi\src\app\Domain\User\User.php(38):    PhalApi\Model\DataModel::insert()    phalapi.wp_userinfo    INSERT  INTO wp_userinfo (`portrait`, `utel`, `username`, `salt`, `upwd`, `utime`) VALUES ('', '', 'ggabram1', 'jxPeWyoS9eIOts9FnkWcdb8mz0RcQAv8', 'ff322c87cf2f1b1f91d3b74f67bb4e18', 1678950472);|{"request":{"service":"App.User_User.Register"}}
2023-03-16 15:08:41|SQL|[#1 - 0.87ms - SQL]D:\phpStudy\PHPTutorial\WWW\Phalapi\vendor\phalapi\kernal\src\Model\DataModel.php(133):    PhalApi\Model\DataModel::getDataMoreBy()    phalapi.wp_userinfo    SELECT uid FROM wp_userinfo WHERE (username = 'ggabram') LIMIT 0,1;|{"request":{"service":"App.User_User.Login"}}
2023-03-16 15:09:10|SQL|[#1 - 0.84ms - SQL]D:\phpStudy\PHPTutorial\WWW\Phalapi\vendor\phalapi\kernal\src\Model\DataModel.php(133):    PhalApi\Model\DataModel::getDataMoreBy()    phalapi.wp_userinfo    SELECT uid FROM wp_userinfo WHERE (username = 'ggabram1') LIMIT 0,1;|{"request":{"service":"App.User_User.Login"}}
2023-03-16 15:09:10|ERROR|App.User_User.Login|PDOException: SQLSTATE[42S22]: Column not found: 1054 Unknown column 'upd' in 'field list' in D:\phpStudy\PHPTutorial\WWW\Phalapi\vendor\phalapi\notorm\src\NotORM\Result.php:237
Stack trace:
#0 D:\phpStudy\PHPTutorial\WWW\Phalapi\vendor\phalapi\notorm\src\NotORM\Result.php(237): PDO->prepare('SELECT uid,upd,...')
#1 D:\phpStudy\PHPTutorial\WWW\Phalapi\vendor\phalapi\notorm\src\NotORM\Result.php(923): NotORM_Result->query('SELECT uid,upd,...', Array)
#2 D:\phpStudy\PHPTutorial\WWW\Phalapi\vendor\phalapi\notorm\src\NotORM\Result.php(1008): NotORM_Result->execute()
#3 D:\phpStudy\PHPTutorial\WWW\Phalapi\vendor\phalapi\kernal\src\Model\DataModel.php(153): NotORM_Result->fetchAll()
#4 D:\phpStudy\PHPTutorial\WWW\Phalapi\vendor\phalapi\kernal\src\Model\DataModel.php(133): PhalApi\Model\DataModel->getDataMoreBy('username', 'ggabram1', 1, 'uid,upd,salt')
#5 D:\phpStudy\PHPTutorial\WWW\Phalapi\vendor\phalapi\kernal\src\Model\DataModel.php(212): PhalApi\Model\DataModel->getDataBy('username', 'ggabram1', 'uid,upd,salt', false)
#6 D:\phpStudy\PHPTutorial\WWW\Phalapi\src\app\Domain\User\User.php(18): PhalApi\Model\DataModel->__call('getDataByUserna...', Array)
#7 D:\phpStudy\PHPTutorial\WWW\Phalapi\src\app\Domain\User\User.php(45): App\Domain\User\User->getUserByUsername('ggabram1', 'uid,upd,salt')
#8 D:\phpStudy\PHPTutorial\WWW\Phalapi\src\app\Api\User\User.php(77): App\Domain\User\User->login('ggabram1', '123456')
#9 [internal function]: App\Api\User\User->login()
#10 D:\phpStudy\PHPTutorial\WWW\Phalapi\vendor\phalapi\kernal\src\PhalApi.php(53): call_user_func(Array)
#11 D:\phpStudy\PHPTutorial\WWW\Phalapi\public\index.php(9): PhalApi\PhalApi->response()
#12 {main}
2023-03-16 15:09:41|SQL|[#1 - 0.81ms - SQL]D:\phpStudy\PHPTutorial\WWW\Phalapi\vendor\phalapi\kernal\src\Model\DataModel.php(133):    PhalApi\Model\DataModel::getDataMoreBy()    phalapi.wp_userinfo    SELECT uid FROM wp_userinfo WHERE (username = 'ggabram1') LIMIT 0,1;|{"request":{"service":"App.User_User.Login"}}
2023-03-16 15:09:41|SQL|[#2 - 0.77ms - SQL]D:\phpStudy\PHPTutorial\WWW\Phalapi\vendor\phalapi\kernal\src\Model\DataModel.php(133):    PhalApi\Model\DataModel::getDataMoreBy()    phalapi.wp_userinfo    SELECT uid,upwd,salt FROM wp_userinfo WHERE (username = 'ggabram1') LIMIT 0,1;|{"request":{"service":"App.User_User.Login"}}
2023-03-16 15:10:52|SQL|[#1 - 0.82ms - SQL]D:\phpStudy\PHPTutorial\WWW\Phalapi\vendor\phalapi\kernal\src\Model\DataModel.php(133):    PhalApi\Model\DataModel::getDataMoreBy()    phalapi.wp_userinfo    SELECT uid FROM wp_userinfo WHERE (username = 'ggabram1') LIMIT 0,1;|{"request":{"service":"App.User_User.Login"}}
2023-03-16 15:10:52|SQL|[#2 - 0.74ms - SQL]D:\phpStudy\PHPTutorial\WWW\Phalapi\vendor\phalapi\kernal\src\Model\DataModel.php(133):    PhalApi\Model\DataModel::getDataMoreBy()    phalapi.wp_userinfo    SELECT uid,upwd,salt FROM wp_userinfo WHERE (username = 'ggabram1') LIMIT 0,1;|{"request":{"service":"App.User_User.Login"}}
2023-03-16 15:12:05|SQL|[#1 - 0.79ms - SQL]D:\phpStudy\PHPTutorial\WWW\Phalapi\vendor\phalapi\kernal\src\Model\DataModel.php(133):    PhalApi\Model\DataModel::getDataMoreBy()    phalapi.wp_userinfo    SELECT uid FROM wp_userinfo WHERE (username = 'ggabram1') LIMIT 0,1;|{"request":{"service":"App.User_User.Login"}}
2023-03-16 15:12:05|SQL|[#2 - 0.79ms - SQL]D:\phpStudy\PHPTutorial\WWW\Phalapi\vendor\phalapi\kernal\src\Model\DataModel.php(133):    PhalApi\Model\DataModel::getDataMoreBy()    phalapi.wp_userinfo    SELECT uid,upwd,salt FROM wp_userinfo WHERE (username = 'ggabram1') LIMIT 0,1;|{"request":{"service":"App.User_User.Login"}}
2023-03-16 15:12:05|ERROR|App.User_User.Login|PDOException: SQLSTATE[42S02]: Base table or view not found: 1146 Table 'phalapi.phalapi_user_session' doesn't exist in D:\phpStudy\PHPTutorial\WWW\Phalapi\vendor\phalapi\notorm\src\NotORM\Result.php:237
Stack trace:
#0 D:\phpStudy\PHPTutorial\WWW\Phalapi\vendor\phalapi\notorm\src\NotORM\Result.php(237): PDO->prepare('INSERT  INTO ph...')
#1 D:\phpStudy\PHPTutorial\WWW\Phalapi\vendor\phalapi\notorm\src\NotORM\Result.php(398): NotORM_Result->query('INSERT  INTO ph...', Array)
#2 D:\phpStudy\PHPTutorial\WWW\Phalapi\vendor\phalapi\notorm\src\NotORM\Result.php(415): NotORM_Result->insert_multi(Array)
#3 D:\phpStudy\PHPTutorial\WWW\Phalapi\vendor\phalapi\kernal\src\Model\NotORMModel.php(44): NotORM_Result->insert(Array)
#4 D:\phpStudy\PHPTutorial\WWW\Phalapi\src\app\Domain\User\UserSession.php(35): PhalApi\Model\NotORMModel->insert(Array, 1178)
#5 D:\phpStudy\PHPTutorial\WWW\Phalapi\src\app\Api\User\User.php(81): App\Domain\User\UserSession->generate(1178)
#6 [internal function]: App\Api\User\User->login()
#7 D:\phpStudy\PHPTutorial\WWW\Phalapi\vendor\phalapi\kernal\src\PhalApi.php(53): call_user_func(Array)
#8 D:\phpStudy\PHPTutorial\WWW\Phalapi\public\index.php(9): PhalApi\PhalApi->response()
#9 {main}
2023-03-16 15:14:15|SQL|[#1 - 0.79ms - SQL]D:\phpStudy\PHPTutorial\WWW\Phalapi\vendor\phalapi\kernal\src\Model\DataModel.php(133):    PhalApi\Model\DataModel::getDataMoreBy()    phalapi.wp_userinfo    SELECT uid FROM wp_userinfo WHERE (username = 'ggabram1') LIMIT 0,1;|{"request":{"service":"App.User_User.Login"}}
2023-03-16 15:14:15|SQL|[#2 - 0.73ms - SQL]D:\phpStudy\PHPTutorial\WWW\Phalapi\vendor\phalapi\kernal\src\Model\DataModel.php(133):    PhalApi\Model\DataModel::getDataMoreBy()    phalapi.wp_userinfo    SELECT uid,upwd,salt FROM wp_userinfo WHERE (username = 'ggabram1') LIMIT 0,1;|{"request":{"service":"App.User_User.Login"}}
2023-03-16 15:14:15|SQL|[#3 - 6.42ms - SQL]D:\phpStudy\PHPTutorial\WWW\Phalapi\src\app\Api\User\User.php(81):    App\Domain\User\UserSession::generate()    phalapi.wp_user_session    INSERT  INTO wp_user_session (`user_id`, `token`, `client`, `times`, `login_time`, `expires_time`) VALUES (1178, '24FE0C19D86881CFDEB57B2ED50989E82FD8D6B2033FDE0D5E6D946D67A062B9', '', 1, 1678950853, 1681542853);|{"request":{"service":"App.User_User.Login"}}
2023-03-16 15:15:17|SQL|[#1 - 0.61ms - SQL]D:\phpStudy\PHPTutorial\WWW\Phalapi\src\app\Domain\User\UserSession.php(42):    App\Model\User\UserSession::getExpiresTime()    phalapi.wp_user_session    SELECT expires_time FROM wp_user_session WHERE (user_id = 1178) AND (token = '24FE0C19D86881CFDEB57B2ED50989E82FD8D6B2033FDE0D5E6D946D67A062B9');|{"request":{"service":"App.User_User.CheckSession"}}
2023-03-16 15:19:24|SQL|[#1 - 0.59ms - SQL]D:\phpStudy\PHPTutorial\WWW\Phalapi\src\app\Domain\User\UserSession.php(42):    App\Model\User\UserSession::getExpiresTime()    phalapi.wp_user_session    SELECT expires_time FROM wp_user_session WHERE (user_id = 1178) AND (token = '24FE0C19D86881CFDEB57B2ED50989E82FD8D6B2033FDE0D5E6D946D67A062B9');|{"request":{"service":"App.User_User.CheckSession"}}
2023-03-16 15:20:19|SQL|[#1 - 0.76ms - SQL]D:\phpStudy\PHPTutorial\WWW\Phalapi\src\app\Domain\User\UserSession.php(42):    App\Model\User\UserSession::getExpiresTime()    phalapi.wp_user_session    SELECT expires_time FROM wp_user_session WHERE (user_id = 1178) AND (token = '24FE0C19D86881CFDEB57B2ED50989E82FD8D6B2033FDE0D5E6D946D67A062B9');|{"request":{"service":"App.User_User.CheckSession"}}
2023-03-16 15:21:09|SQL|[#1 - 0.9ms - SQL]D:\phpStudy\PHPTutorial\WWW\Phalapi\src\app\Domain\User\UserSession.php(42):    App\Model\User\UserSession::getExpiresTime()    phalapi.wp_user_session    SELECT expires_time FROM wp_user_session WHERE (user_id = 1178) AND (token = '24FE0C19D86881CFDEB57B2ED50989E82FD8D6B2033FDE0D5E6D946D67A062B9');|{"request":{"service":"App.User_User.CheckSession"}}
2023-03-16 15:22:39|SQL|[#1 - 0.51ms - SQL]D:\phpStudy\PHPTutorial\WWW\Phalapi\src\app\Domain\User\UserSession.php(42):    App\Model\User\UserSession::getExpiresTime()    phalapi.wp_user_session    SELECT expires_time FROM wp_user_session WHERE (user_id = 1178) AND (token = '24FE0C19D86881CFDEB57B2ED50989E82FD8D6B2033FDE0D5E6D946D67A062B9');|{"request":{"service":"App.User_User.CheckSession"}}
2023-03-16 15:23:53|SQL|[#1 - 0.73ms - SQL]D:\phpStudy\PHPTutorial\WWW\Phalapi\src\app\Domain\User\UserSession.php(42):    App\Model\User\UserSession::getExpiresTime()    phalapi.wp_user_session    SELECT expires_time FROM wp_user_session WHERE (user_id = 1178) AND (token = '24FE0C19D86881CFDEB57B2ED50989E82FD8D6B2033FDE0D5E6D946D67A062B9');|{"request":{"service":"App.User_User.CheckSession"}}
2023-03-16 15:24:52|SQL|[#1 - 0.8ms - SQL]D:\phpStudy\PHPTutorial\WWW\Phalapi\src\app\Domain\User\UserSession.php(42):    App\Model\User\UserSession::getExpiresTime()    phalapi.wp_user_session    SELECT expires_time FROM wp_user_session WHERE (user_id = 1178) AND (token = '24FE0C19D86881CFDEB57B2ED50989E82FD8D6B2033FDE0D5E6D946D67A062B9');|{"request":{"service":"App.User_User.CheckSession"}}
2023-03-16 15:25:31|SQL|[#1 - 0.42ms - SQL]D:\phpStudy\PHPTutorial\WWW\Phalapi\src\app\Domain\User\UserSession.php(42):    App\Model\User\UserSession::getExpiresTime()    phalapi.wp_user_session    SELECT expires_time FROM wp_user_session WHERE (user_id = 1178) AND (token = '24FE0C19D86881CFDEB57B2ED50989E82FD8D6B2033FDE0D5E6D946D67A062B9');|{"request":{"service":"App.User_User.CheckSession"}}
2023-03-16 15:25:41|SQL|[#1 - 0.52ms - SQL]D:\phpStudy\PHPTutorial\WWW\Phalapi\src\app\Domain\User\UserSession.php(42):    App\Model\User\UserSession::getExpiresTime()    phalapi.wp_user_session    SELECT expires_time FROM wp_user_session WHERE (user_id = 1178) AND (token = '24FE0C19D86881CFDEB57B2ED50989E82FD8D6B2033FDE0D5E6D946D67A062B9');|{"request":{"service":"App.User_User.CheckSession"}}
2023-03-16 15:25:55|SQL|[#1 - 0.83ms - SQL]D:\phpStudy\PHPTutorial\WWW\Phalapi\src\app\Domain\User\UserSession.php(42):    App\Model\User\UserSession::getExpiresTime()    phalapi.wp_user_session    SELECT expires_time FROM wp_user_session WHERE (user_id = 1178) AND (token = '24FE0C19D86881CFDEB57B2ED50989E82FD8D6B2033FDE0D5E6D946D67A062B9');|{"request":{"service":"App.User_User.CheckSession"}}
2023-03-16 15:28:44|SQL|[#1 - 0.96ms - SQL]D:\phpStudy\PHPTutorial\WWW\Phalapi\src\app\Domain\User\UserSession.php(42):    App\Model\User\UserSession::getExpiresTime()    phalapi.wp_user_session    SELECT expires_time FROM wp_user_session WHERE (user_id = 1178) AND (token = '24FE0C19D86881CFDEB57B2ED50989E82FD8D6B2033FDE0D5E6D946D67A062B9');|{"request":{"service":"App.User_User.CheckSession"}}
2023-03-16 15:29:07|SQL|[#1 - 0.4ms - SQL]D:\phpStudy\PHPTutorial\WWW\Phalapi\src\app\Domain\User\UserSession.php(42):    App\Model\User\UserSession::getExpiresTime()    phalapi.wp_user_session    SELECT expires_time FROM wp_user_session WHERE (user_id = 1178) AND (token = '24FE0C19D86881CFDEB57B2ED50989E82FD8D6B2033FDE0D5E6D946D67A062B9');|{"request":{"service":"App.User_User.CheckSession"}}
2023-03-16 15:30:50|SQL|[#1 - 0.81ms - SQL]D:\phpStudy\PHPTutorial\WWW\Phalapi\src\app\Domain\User\UserSession.php(42):    App\Model\User\UserSession::getExpiresTime()    phalapi.wp_user_session    SELECT expires_time FROM wp_user_session WHERE (user_id = 1178) AND (token = '24FE0C19D86881CFDEB57B2ED50989E82FD8D6B2033FDE0D5E6D946D67A062B9');|{"request":{"service":"App.User_User.CheckSession"}}
2023-03-16 15:30:53|SQL|[#1 - 0.57ms - SQL]D:\phpStudy\PHPTutorial\WWW\Phalapi\src\app\Domain\User\UserSession.php(42):    App\Model\User\UserSession::getExpiresTime()    phalapi.wp_user_session    SELECT expires_time FROM wp_user_session WHERE (user_id = 1178) AND (token = '24FE0C19D86881CFDEB57B2ED50989E82FD8D6B2033FDE0D5E6D946D67A062B9');|{"request":{"service":"App.User_User.CheckSession"}}
2023-03-16 15:43:43|SQL|[#1 - 1.07ms - SQL]D:\phpStudy\PHPTutorial\WWW\Phalapi\src\app\Domain\User\UserSession.php(42):    App\Model\User\UserSession::getExpiresTime()    phalapi.wp_user_session    SELECT expires_time FROM wp_user_session WHERE (user_id = 1178) AND (token = '24FE0C19D86881CFDEB57B2ED50989E82FD8D6B2033FDE0D5E6D946D67A062B9');|{"request":{"service":"App.User_User.CheckSession"}}
2023-03-16 15:46:13|SQL|[#1 - 1.45ms - SQL]D:\phpStudy\PHPTutorial\WWW\Phalapi\src\app\Domain\User\UserSession.php(42):    App\Model\User\UserSession::getExpiresTime()    phalapi.wp_user_session    SELECT expires_time FROM wp_user_session WHERE (user_id = 1178) AND (token = '24FE0C19D86881CFDEB57B2ED50989E82FD8D6B2033FDE0D5E6D946D67A062B9');|{"request":{"service":"App.User_User.CheckSession"}}
2023-03-16 15:46:17|SQL|[#1 - 0.84ms - SQL]D:\phpStudy\PHPTutorial\WWW\Phalapi\src\app\Domain\User\UserSession.php(42):    App\Model\User\UserSession::getExpiresTime()    phalapi.wp_user_session    SELECT expires_time FROM wp_user_session WHERE (user_id = 1178) AND (token = '24FE0C19D86881CFDEB57B2ED50989E82FD8D6B2033FDE0D5E6D946D67A062B9');|{"request":{"service":"App.User_User.CheckSession"}}
2023-03-16 15:49:56|SQL|[#1 - 0.54ms - SQL]D:\phpStudy\PHPTutorial\WWW\Phalapi\src\app\Domain\User\UserSession.php(42):    App\Model\User\UserSession::getExpiresTime()    phalapi.wp_user_session    SELECT expires_time FROM wp_user_session WHERE (user_id = 1178) AND (token = '24FE0C19D86881CFDEB57B2ED50989E82FD8D6B2033FDE0D5E6D946D67A062B9');|{"request":{"service":"App.User_User.CheckSession"}}
2023-03-16 15:55:50|SQL|[#1 - 0.92ms - SQL]D:\phpStudy\PHPTutorial\WWW\Phalapi\src\app\Domain\User\UserSession.php(42):    App\Model\User\UserSession::getExpiresTime()    phalapi.wp_user_session    SELECT expires_time FROM wp_user_session WHERE (user_id = 1178) AND (token = '24FE0C19D86881CFDEB57B2ED50989E82FD8D6B2033FDE0D5E6D946D67A062B9');|{"request":{"service":"App.User_User.CheckSession"}}
2023-03-16 15:56:46|SQL|[#1 - 0.78ms - SQL]D:\phpStudy\PHPTutorial\WWW\Phalapi\src\app\Domain\User\UserSession.php(42):    App\Model\User\UserSession::getExpiresTime()    phalapi.wp_user_session    SELECT expires_time FROM wp_user_session WHERE (user_id = 1178) AND (token = '24FE0C19D86881CFDEB57B2ED50989E82FD8D6B2033FDE0D5E6D946D67A062B9');|{"request":{"service":"App.User_User.CheckSession"}}
2023-03-16 15:56:46|SQL|[#2 - 0.78ms - SQL]D:\phpStudy\PHPTutorial\WWW\Phalapi\src\app\Common\User\User.php(34):    App\Domain\User\User::getUserInfo()    phalapi.wp_userinfo    SELECT uid,username,nickname,utime,portrait,utel FROM wp_userinfo WHERE (uid = 1178);|{"request":{"service":"App.User_User.CheckSession"}}
2023-03-16 15:57:35|SQL|[#1 - 1.03ms - SQL]D:\phpStudy\PHPTutorial\WWW\Phalapi\src\app\Domain\User\UserSession.php(42):    App\Model\User\UserSession::getExpiresTime()    phalapi.wp_user_session    SELECT expires_time FROM wp_user_session WHERE (user_id = 1178) AND (token = '24FE0C19D86881CFDEB57B2ED50989E82FD8D6B2033FDE0D5E6D946D67A062B9');|{"request":{"service":"App.User_User.CheckSession"}}
2023-03-16 15:57:38|SQL|[#1 - 0.81ms - SQL]D:\phpStudy\PHPTutorial\WWW\Phalapi\src\app\Domain\User\UserSession.php(42):    App\Model\User\UserSession::getExpiresTime()    phalapi.wp_user_session    SELECT expires_time FROM wp_user_session WHERE (user_id = 1178) AND (token = '24FE0C19D86881CFDEB57B2ED50989E82FD8D6B2033FDE0D5E6D946D67A062B9');|{"request":{"service":"App.User_User.CheckSession"}}
2023-03-16 15:58:02|SQL|[#1 - 0.81ms - SQL]D:\phpStudy\PHPTutorial\WWW\Phalapi\src\app\Domain\User\UserSession.php(42):    App\Model\User\UserSession::getExpiresTime()    phalapi.wp_user_session    SELECT expires_time FROM wp_user_session WHERE (user_id = 1178) AND (token = '24FE0C19D86881CFDEB57B2ED50989E82FD8D6B2033FDE0D5E6D946D67A062B9');|{"request":{"service":"App.User_User.CheckSession"}}
2023-03-16 15:58:15|SQL|[#1 - 0.85ms - SQL]D:\phpStudy\PHPTutorial\WWW\Phalapi\src\app\Domain\User\UserSession.php(42):    App\Model\User\UserSession::getExpiresTime()    phalapi.wp_user_session    SELECT expires_time FROM wp_user_session WHERE (user_id = 1178) AND (token = '24FE0C19D86881CFDEB57B2ED50989E82FD8D6B2033FDE0D5E6D946D67A062B9');|{"request":{"service":"App.User_User.CheckSession"}}
2023-03-16 15:58:28|SQL|[#1 - 0.85ms - SQL]D:\phpStudy\PHPTutorial\WWW\Phalapi\src\app\Domain\User\UserSession.php(42):    App\Model\User\UserSession::getExpiresTime()    phalapi.wp_user_session    SELECT expires_time FROM wp_user_session WHERE (user_id = 1178) AND (token = '24FE0C19D86881CFDEB57B2ED50989E82FD8D6B2033FDE0D5E6D946D67A062B9');|{"request":{"service":"App.User_User.CheckSession"}}
2023-03-16 15:58:48|SQL|[#1 - 0.77ms - SQL]D:\phpStudy\PHPTutorial\WWW\Phalapi\src\app\Domain\User\UserSession.php(42):    App\Model\User\UserSession::getExpiresTime()    phalapi.wp_user_session    SELECT expires_time FROM wp_user_session WHERE (user_id = 1178) AND (token = '24FE0C19D86881CFDEB57B2ED50989E82FD8D6B2033FDE0D5E6D946D67A062B9');|{"request":{"service":"App.User_User.CheckSession"}}
2023-03-16 15:59:12|SQL|[#1 - 0.6ms - SQL]D:\phpStudy\PHPTutorial\WWW\Phalapi\src\app\Domain\User\UserSession.php(42):    App\Model\User\UserSession::getExpiresTime()    phalapi.wp_user_session    SELECT expires_time FROM wp_user_session WHERE (user_id = 1178) AND (token = '24FE0C19D86881CFDEB57B2ED50989E82FD8D6B2033FDE0D5E6D946D67A062B9');|{"request":{"service":"App.User_User.CheckSession"}}
2023-03-16 16:02:03|SQL|[#1 - 0.37ms - SQL]D:\phpStudy\PHPTutorial\WWW\Phalapi\src\app\Domain\User\UserSession.php(42):    App\Model\User\UserSession::getExpiresTime()    phalapi.wp_user_session    SELECT expires_time FROM wp_user_session WHERE (user_id = 1178) AND (token = '24FE0C19D86881CFDEB57B2ED50989E82FD8D6B2033FDE0D5E6D946D67A062B9');|{"request":{"service":"App.User_User.CheckSession"}}
2023-03-16 16:03:47|SQL|[#1 - 0.44ms - SQL]D:\phpStudy\PHPTutorial\WWW\Phalapi\src\app\Domain\User\UserSession.php(42):    App\Model\User\UserSession::getExpiresTime()    phalapi.wp_user_session    SELECT expires_time FROM wp_user_session WHERE (user_id = 1178) AND (token = '24FE0C19D86881CFDEB57B2ED50989E82FD8D6B2033FDE0D5E6D946D67A062B9');|{"request":{"service":"App.User_User.CheckSession"}}
2023-03-16 16:05:35|SQL|[#1 - 0.76ms - SQL]D:\phpStudy\PHPTutorial\WWW\Phalapi\src\app\Domain\User\UserSession.php(42):    App\Model\User\UserSession::getExpiresTime()    phalapi.wp_user_session    SELECT expires_time FROM wp_user_session WHERE (user_id = 1178) AND (token = '24FE0C19D86881CFDEB57B2ED50989E82FD8D6B2033FDE0D5E6D946D67A062B9');|{"request":{"service":"App.User_User.CheckSession"}}
2023-03-16 16:05:55|SQL|[#1 - 0.4ms - SQL]D:\phpStudy\PHPTutorial\WWW\Phalapi\src\app\Domain\User\UserSession.php(42):    App\Model\User\UserSession::getExpiresTime()    phalapi.wp_user_session    SELECT expires_time FROM wp_user_session WHERE (user_id = 1178) AND (token = '24FE0C19D86881CFDEB57B2ED50989E82FD8D6B2033FDE0D5E6D946D67A062B9');|{"request":{"service":"App.User_User.CheckSession"}}
2023-03-16 16:06:41|SQL|[#1 - 0.89ms - SQL]D:\phpStudy\PHPTutorial\WWW\Phalapi\src\app\Domain\User\UserSession.php(42):    App\Model\User\UserSession::getExpiresTime()    phalapi.wp_user_session    SELECT expires_time FROM wp_user_session WHERE (user_id = 1178) AND (token = '24FE0C19D86881CFDEB57B2ED50989E82FD8D6B2033FDE0D5E6D946D67A062B9');|{"request":{"service":"App.User_User.CheckSession"}}
2023-03-16 16:07:04|SQL|[#1 - 0.44ms - SQL]D:\phpStudy\PHPTutorial\WWW\Phalapi\src\app\Domain\User\UserSession.php(42):    App\Model\User\UserSession::getExpiresTime()    phalapi.wp_user_session    SELECT expires_time FROM wp_user_session WHERE (user_id = 1178) AND (token = '24FE0C19D86881CFDEB57B2ED50989E82FD8D6B2033FDE0D5E6D946D67A062B9');|{"request":{"service":"App.User_User.CheckSession"}}
2023-03-16 16:08:20|SQL|[#1 - 0.84ms - SQL]D:\phpStudy\PHPTutorial\WWW\Phalapi\src\app\Domain\User\UserSession.php(42):    App\Model\User\UserSession::getExpiresTime()    phalapi.wp_user_session    SELECT expires_time FROM wp_user_session WHERE (user_id = 1178) AND (token = '24FE0C19D86881CFDEB57B2ED50989E82FD8D6B2033FDE0D5E6D946D67A062B9');|{"request":{"service":"App.User_User.CheckSession"}}
2023-03-16 16:08:37|SQL|[#1 - 0.93ms - SQL]D:\phpStudy\PHPTutorial\WWW\Phalapi\src\app\Domain\User\UserSession.php(42):    App\Model\User\UserSession::getExpiresTime()    phalapi.wp_user_session    SELECT expires_time FROM wp_user_session WHERE (user_id = 1178) AND (token = '24FE0C19D86881CFDEB57B2ED50989E82FD8D6B2033FDE0D5E6D946D67A062B9');|{"request":{"service":"App.User_User.CheckSession"}}
2023-03-16 16:09:01|SQL|[#1 - 0.86ms - SQL]D:\phpStudy\PHPTutorial\WWW\Phalapi\src\app\Domain\User\UserSession.php(42):    App\Model\User\UserSession::getExpiresTime()    phalapi.wp_user_session    SELECT expires_time FROM wp_user_session WHERE (user_id = 1178) AND (token = '24FE0C19D86881CFDEB57B2ED50989E82FD8D6B2033FDE0D5E6D946D67A062B9');|{"request":{"service":"App.User_User.CheckSession"}}
2023-03-16 16:09:01|SQL|[#2 - 0.86ms - SQL]D:\phpStudy\PHPTutorial\WWW\Phalapi\src\app\Common\User\User.php(34):    App\Domain\User\User::getUserInfo()    phalapi.wp_userinfo    SELECT uid,username,nickname,utime,portrait,utel FROM wp_userinfo WHERE (uid = 1178);|{"request":{"service":"App.User_User.CheckSession"}}
2023-03-16 16:09:18|SQL|[#1 - 0.4ms - SQL]D:\phpStudy\PHPTutorial\WWW\Phalapi\src\app\Domain\User\UserSession.php(42):    App\Model\User\UserSession::getExpiresTime()    phalapi.wp_user_session    SELECT expires_time FROM wp_user_session WHERE (user_id = 1178) AND (token = '24FE0C19D86881CFDEB57B2ED50989E82FD8D6B2033FDE0D5E6D946D67A062B9');|{"request":{"service":"App.User_User.CheckSession"}}
2023-03-16 16:09:18|SQL|[#2 - 0.33ms - SQL]D:\phpStudy\PHPTutorial\WWW\Phalapi\src\app\Common\User\User.php(34):    App\Domain\User\User::getUserInfo()    phalapi.wp_userinfo    SELECT uid,username,nickname,utime,portrait,utel FROM wp_userinfo WHERE (uid = 1178);|{"request":{"service":"App.User_User.CheckSession"}}
2023-03-16 16:09:38|SQL|[#1 - 0.87ms - SQL]D:\phpStudy\PHPTutorial\WWW\Phalapi\src\app\Domain\User\UserSession.php(42):    App\Model\User\UserSession::getExpiresTime()    phalapi.wp_user_session    SELECT expires_time FROM wp_user_session WHERE (user_id = 1178) AND (token = '24FE0C19D86881CFDEB57B2ED50989E82FD8D6B2033FDE0D5E6D946D67A062B9');|{"request":{"service":"App.User_User.CheckSession"}}
2023-03-16 16:09:38|SQL|[#2 - 0.76ms - SQL]D:\phpStudy\PHPTutorial\WWW\Phalapi\src\app\Common\User\User.php(34):    App\Domain\User\User::getUserInfo()    phalapi.wp_userinfo    SELECT uid,username,nickname,utime,portrait,utel FROM wp_userinfo WHERE (uid = 1178);|{"request":{"service":"App.User_User.CheckSession"}}
2023-03-16 16:10:33|SQL|[#1 - 0.76ms - SQL]D:\phpStudy\PHPTutorial\WWW\Phalapi\src\app\Domain\User\UserSession.php(42):    App\Model\User\UserSession::getExpiresTime()    phalapi.wp_user_session    SELECT expires_time FROM wp_user_session WHERE (user_id = 1178) AND (token = '24FE0C19D86881CFDEB57B2ED50989E82FD8D6B2033FDE0D5E6D946D67A062B9');|{"request":{"service":"App.User_User.CheckSession"}}
2023-03-16 16:11:06|SQL|[#1 - 0.85ms - SQL]D:\phpStudy\PHPTutorial\WWW\Phalapi\src\app\Domain\User\UserSession.php(42):    App\Model\User\UserSession::getExpiresTime()    phalapi.wp_user_session    SELECT expires_time FROM wp_user_session WHERE (user_id = 1178) AND (token = '24FE0C19D86881CFDEB57B2ED50989E82FD8D6B2033FDE0D5E6D946D67A062B9');|{"request":{"service":"App.User_User.CheckSession"}}
2023-03-16 16:11:06|SQL|[#2 - 0.74ms - SQL]D:\phpStudy\PHPTutorial\WWW\Phalapi\src\app\Common\User\User.php(34):    App\Domain\User\User::getUserInfo()    phalapi.wp_userinfo    SELECT uid,username,nickname,utime,portrait,utel FROM wp_userinfo WHERE (uid = 1178);|{"request":{"service":"App.User_User.CheckSession"}}
2023-03-16 16:12:41|SQL|[#1 - 0.56ms - SQL]D:\phpStudy\PHPTutorial\WWW\Phalapi\src\app\Domain\User\UserSession.php(42):    App\Model\User\UserSession::getExpiresTime()    phalapi.wp_user_session    SELECT expires_time FROM wp_user_session WHERE (user_id = 1178) AND (token = '24FE0C19D86881CFDEB57B2ED50989E82FD8D6B2033FDE0D5E6D946D67A062B9');|{"request":{"service":"App.User_User.CheckSession"}}
2023-03-16 16:12:41|SQL|[#2 - 0.46ms - SQL]D:\phpStudy\PHPTutorial\WWW\Phalapi\src\app\Common\User\User.php(34):    App\Domain\User\User::getUserInfo()    phalapi.wp_userinfo    SELECT uid,username,nickname,utime,portrait,utel FROM wp_userinfo WHERE (uid = 1178);|{"request":{"service":"App.User_User.CheckSession"}}
2023-03-16 16:13:00|SQL|[#1 - 0.87ms - SQL]D:\phpStudy\PHPTutorial\WWW\Phalapi\src\app\Domain\User\UserSession.php(42):    App\Model\User\UserSession::getExpiresTime()    phalapi.wp_user_session    SELECT expires_time FROM wp_user_session WHERE (user_id = 1178) AND (token = '24FE0C19D86881CFDEB57B2ED50989E82FD8D6B2033FDE0D5E6D946D67A062B9');|{"request":{"service":"App.User_User.Profile"}}
2023-03-16 16:13:00|SQL|[#2 - 0.76ms - SQL]D:\phpStudy\PHPTutorial\WWW\Phalapi\src\app\Common\User\User.php(34):    App\Domain\User\User::getUserInfo()    phalapi.wp_userinfo    SELECT uid,username,nickname,utime,portrait,utel FROM wp_userinfo WHERE (uid = 1178);|{"request":{"service":"App.User_User.Profile"}}
2023-03-16 16:17:51|SQL|[#1 - 0.95ms - SQL]D:\phpStudy\PHPTutorial\WWW\Phalapi\vendor\phalapi\kernal\src\Model\DataModel.php(133):    PhalApi\Model\DataModel::getDataMoreBy()    phalapi.wp_userinfo    SELECT uid FROM wp_userinfo WHERE (username = 'ggabram1') LIMIT 0,1;|{"request":{"service":"App.User_User.Login"}}
2023-03-16 16:17:51|SQL|[#2 - 0.77ms - SQL]D:\phpStudy\PHPTutorial\WWW\Phalapi\vendor\phalapi\kernal\src\Model\DataModel.php(133):    PhalApi\Model\DataModel::getDataMoreBy()    phalapi.wp_userinfo    SELECT uid,upwd,salt FROM wp_userinfo WHERE (username = 'ggabram1') LIMIT 0,1;|{"request":{"service":"App.User_User.Login"}}
2023-03-16 16:17:51|SQL|[#3 - 6.02ms - SQL]D:\phpStudy\PHPTutorial\WWW\Phalapi\src\app\Api\User\User.php(81):    App\Domain\User\UserSession::generate()    phalapi.wp_user_session    INSERT  INTO wp_user_session (`user_id`, `token`, `client`, `times`, `login_time`, `expires_time`) VALUES (1178, 'EC9FD523BEF8A613A93E52DBBFAD2ED7C72B515105441BC1F0EF6AA8C6FCA182', '', 1, 1678954669, 1681546669);|{"request":{"service":"App.User_User.Login"}}
2023-03-16 16:19:49|SQL|[#1 - 0.87ms - SQL]D:\phpStudy\PHPTutorial\WWW\Phalapi\vendor\phalapi\kernal\src\Model\DataModel.php(133):    PhalApi\Model\DataModel::getDataMoreBy()    phalapi.wp_userinfo    SELECT uid FROM wp_userinfo WHERE (username = 'ggabram') LIMIT 0,1;|{"request":{"service":"App.User_User.Register"}}
2023-03-16 16:20:06|SQL|[#1 - 0.79ms - SQL]D:\phpStudy\PHPTutorial\WWW\Phalapi\src\app\Domain\User\UserSession.php(42):    App\Model\User\UserSession::getExpiresTime()    phalapi.wp_user_session    SELECT expires_time FROM wp_user_session WHERE (user_id = 1178) AND (token = '24FE0C19D86881CFDEB57B2ED50989E82FD8D6B2033FDE0D5E6D946D67A062B9');|{"request":{"service":"App.User_User.CheckSession"}}
2023-03-16 16:20:06|SQL|[#2 - 0.72ms - SQL]D:\phpStudy\PHPTutorial\WWW\Phalapi\src\app\Common\User\User.php(34):    App\Domain\User\User::getUserInfo()    phalapi.wp_userinfo    SELECT uid,username,nickname,utime,portrait,utel FROM wp_userinfo WHERE (uid = 1178);|{"request":{"service":"App.User_User.CheckSession"}}
2023-03-16 16:36:04|SQL|[#1 - 0.51ms - SQL]D:\phpStudy\PHPTutorial\WWW\Phalapi\src\app\Domain\User\UserSession.php(42):    App\Model\User\UserSession::getExpiresTime()    phalapi.wp_user_session    SELECT expires_time FROM wp_user_session WHERE (user_id = 1178) AND (token = '24FE0C19D86881CFDEB57B2ED50989E82FD8D6B2033FDE0D5E6D946D67A062B9');|{"request":{"service":"App.User_User.Profile"}}
2023-03-16 16:36:04|SQL|[#2 - 1.13ms - SQL]D:\phpStudy\PHPTutorial\WWW\Phalapi\src\app\Common\User\User.php(34):    App\Domain\User\User::getUserInfo()    phalapi.wp_userinfo    SELECT * FROM wp_userinfo WHERE (uid = 1178);|{"request":{"service":"App.User_User.Profile"}}
2023-03-16 17:26:16|SQL|[#1 - 1.44ms - SQL]D:\phpStudy\PHPTutorial\WWW\Phalapi\src\app\Api\Hello.php(27):    App\Domain\Pro\Pro::getProInfo()    phalapi.wp_productinfo    SELECT * FROM wp_productinfo WHERE (pid = 14);|{"request":{"service":"App.Hello.GetProinfo"}}
2023-03-16 17:27:11|SQL|[#1 - 1.13ms - SQL]D:\phpStudy\PHPTutorial\WWW\Phalapi\src\app\Api\Hello.php(27):    App\Domain\Pro\Pro::getProInfo()    phalapi.wp_productinfo    SELECT * FROM wp_productinfo WHERE (pid = 14);|{"request":{"service":"App.Hello.GetProinfo"}}
2023-03-16 17:28:42|SQL|[#1 - 1.08ms - SQL]D:\phpStudy\PHPTutorial\WWW\Phalapi\src\app\Api\Hello.php(27):    App\Domain\Pro\Pro::getProInfo()    phalapi.wp_productinfo    SELECT * FROM wp_productinfo WHERE (pid = 14);|{"request":{"service":"App.Hello.GetProinfo"}}
2023-03-16 17:41:17|SQL|[#1 - 1.45ms - SQL]D:\phpStudy\PHPTutorial\WWW\Phalapi\src\app\Domain\Pro\Pro.php(29):    App\Model\Pro\Pro::getSnapshotByProIds()    phalapi.wp_productinfo    SELECT * FROM wp_productinfo WHERE (pid IN ('14'));|{"request":{"service":"App.Hello.GetProinfo"}}
2023-03-16 17:41:45|SQL|[#1 - 1.12ms - SQL]D:\phpStudy\PHPTutorial\WWW\Phalapi\src\app\Domain\Pro\Pro.php(29):    App\Model\Pro\Pro::getSnapshotByProIds()    phalapi.wp_productinfo    SELECT * FROM wp_productinfo WHERE (pid IN ('14'));|{"request":{"service":"App.Hello.GetProinfo"}}
2023-03-16 17:44:26|SQL|[#1 - 0.75ms - SQL]D:\phpStudy\PHPTutorial\WWW\Phalapi\src\app\Api\Hello.php(27):    App\Domain\Pro\Pro::getProInfo()    phalapi.wp_productinfo    SELECT * FROM wp_productinfo WHERE (pid = 14);|{"request":{"service":"App.Hello.GetProinfo"}}
2023-03-16 17:48:54|SQL|[#1 - 0.57ms - SQL]D:\phpStudy\PHPTutorial\WWW\Phalapi\src\app\Domain\Pro\Pro.php(56):    App\Model\Pro\Pro::getProAllInfo()    phalapi.wp_productinfo    SELECT * FROM wp_productinfo;|{"request":{"service":"App.Hello.GetProinfo"}}
2023-03-16 17:49:40|SQL|[#1 - 1.34ms - SQL]D:\phpStudy\PHPTutorial\WWW\Phalapi\src\app\Domain\Pro\Pro.php(56):    App\Model\Pro\Pro::getProAllInfo()    phalapi.wp_productinfo    SELECT * FROM wp_productinfo;|{"request":{"service":"App.Hello.GetProinfo"}}
2023-03-16 17:51:52|SQL|[#1 - 1.47ms - SQL]D:\phpStudy\PHPTutorial\WWW\Phalapi\src\app\Domain\Pro\Pro.php(56):    App\Model\Pro\Pro::getProAllInfo()    phalapi.wp_productinfo    SELECT * FROM wp_productinfo;|{"request":{"service":"App.Hello.GetProsinfo"}}
2023-03-16 17:52:21|SQL|[#1 - 1.07ms - SQL]D:\phpStudy\PHPTutorial\WWW\Phalapi\src\app\Api\Hello.php(27):    App\Domain\Pro\Pro::getProInfo()    phalapi.wp_productinfo    SELECT * FROM wp_productinfo WHERE (pid = 14);|{"request":{"service":"App.Hello.GetProinfo"}}
2023-03-16 17:53:15|SQL|[#1 - 0.8ms - SQL]D:\phpStudy\PHPTutorial\WWW\Phalapi\src\app\Api\Hello.php(27):    App\Domain\Pro\Pro::getProInfo()    phalapi.wp_productinfo    SELECT * FROM wp_productinfo WHERE (pid = 14);|{"request":{"service":"App.Hello.GetProinfo"}}
2023-03-16 17:53:38|SQL|[#1 - 0.43ms - SQL]D:\phpStudy\PHPTutorial\WWW\Phalapi\src\app\Api\Hello.php(27):    App\Domain\Pro\Pro::getProInfo()    phalapi.wp_productinfo    SELECT * FROM wp_productinfo WHERE (pid = 14);|{"request":{"service":"App.Hello.GetProinfo"}}
2023-03-16 18:04:32|SQL|[#1 - 0.52ms - SQL]D:\phpStudy\PHPTutorial\WWW\Phalapi\src\portal\Api\Admin.php(53):    Portal\Api\Admin::checkLogin()    phalapi.portal    show tables like '%phalapi_portal_admin';|{"request":{"service":"Portal.Admin.CheckLogin"}}
2023-03-16 18:04:38|SQL|[#1 - 0.98ms - SQL]D:\phpStudy\PHPTutorial\WWW\Phalapi\src\portal\Api\Admin.php(53):    Portal\Api\Admin::checkLogin()    phalapi.portal    show tables like '%phalapi_portal_admin';|{"request":{"service":"Portal.Admin.CheckLogin"}}
2023-03-16 18:05:05|SQL|[#2 - 0.42ms - SQL]D:\phpStudy\PHPTutorial\WWW\Phalapi\src\portal\Api\Admin.php(104):    Portal\Api\Admin::install()    phalapi.portal    DROP TABLE IF EXISTS `phalapi_curd`;|{"request":{"service":"Portal.Admin.Install"}}
2023-03-16 18:05:05|SQL|[#3 - 7.94ms - SQL]D:\phpStudy\PHPTutorial\WWW\Phalapi\src\portal\Api\Admin.php(104):    Portal\Api\Admin::install()    phalapi.portal    CREATE TABLE `phalapi_curd` (\n  `id` int(10) NOT NULL AUTO_INCREMENT,\n  `title` varchar(20) DEFAULT NULL,\n  `content` text,\n  `state` tinyint(4) DEFAULT NULL,\n  `post_date` datetime DEFAULT NULL,\n  PRIMARY KEY (`id`)\n) ENGINE=InnoDB AUTO_INCREMENT=3 DEFAULT CHARSET=utf8;|{"request":{"service":"Portal.Admin.Install"}}
2023-03-16 18:05:05|SQL|[#4 - 1.81ms - SQL]D:\phpStudy\PHPTutorial\WWW\Phalapi\src\portal\Api\Admin.php(104):    Portal\Api\Admin::install()    phalapi.portal    INSERT INTO `phalapi_curd` VALUES ('1', 'PhalApi', '欢迎使用PhalApi 2.x 版本!', '0', '2017-07-08 12:09:43');|{"request":{"service":"Portal.Admin.Install"}}
2023-03-16 18:05:05|SQL|[#5 - 1.36ms - SQL]D:\phpStudy\PHPTutorial\WWW\Phalapi\src\portal\Api\Admin.php(104):    Portal\Api\Admin::install()    phalapi.portal    INSERT INTO `phalapi_curd` VALUES ('2', '版本更新', '主要改用composer和命名空间，并遵循psr-4规范。', '1', '2017-07-08 12:10:58');|{"request":{"service":"Portal.Admin.Install"}}
2023-03-16 18:05:05|SQL|[#6 - 3.85ms - SQL]D:\phpStudy\PHPTutorial\WWW\Phalapi\src\portal\Api\Admin.php(104):    Portal\Api\Admin::install()    phalapi.portal    CREATE TABLE `phalapi_portal_admin` (\n  `id` int(11) NOT NULL AUTO_INCREMENT,\n  `username` varchar(20) NOT NULL DEFAULT '' COMMENT '管理员账号',\n  `password` varchar(100) NOT NULL DEFAULT '' COMMENT '密码',\n  `salt` varchar(64) NOT NULL DEFAULT '' COMMENT '盐值',\n  `role` varchar(20) NOT NULL DEFAULT 'admin' COMMENT '管理员角色，admin普通管理员，super超级管理员',\n  `state` tinyint(4) NOT NULL DEFAULT '1' COMMENT '状态，1可用0禁止',\n  `created_at` datetime DEFAULT NULL COMMENT '创建时间',\n  PRIMARY KEY (`id`),\n  UNIQUE KEY `username` (`username`)\n) ENGINE=InnoDB DEFAULT CHARSET=utf8mb4;|{"request":{"service":"Portal.Admin.Install"}}
2023-03-16 18:05:05|SQL|[#7 - 4.53ms - SQL]D:\phpStudy\PHPTutorial\WWW\Phalapi\src\portal\Api\Admin.php(104):    Portal\Api\Admin::install()    phalapi.portal    CREATE TABLE `phalapi_portal_menu` (\n  `id` int(11) NOT NULL AUTO_INCREMENT,\n  `title` varchar(50) DEFAULT NULL,\n  `icon` varchar(50) DEFAULT NULL,\n  `href` varchar(255) DEFAULT NULL,\n  `target` varchar(10) DEFAULT '_self',\n  `sort_num` int(11) DEFAULT '0',\n  `parent_id` int(11) DEFAULT '0',\n  PRIMARY KEY (`id`)\n) ENGINE=InnoDB AUTO_INCREMENT=10001 DEFAULT CHARSET=utf8mb4;|{"request":{"service":"Portal.Admin.Install"}}
2023-03-16 18:05:05|SQL|[#8 - 2.1ms - SQL]D:\phpStudy\PHPTutorial\WWW\Phalapi\src\portal\Api\Admin.php(104):    Portal\Api\Admin::install()    phalapi.portal    insert into `phalapi_portal_menu` ( `target`, `id`, `title`, `href`, `sort_num`, `parent_id`, `icon`) values ( '_self', '1', '运营后台', null, '1', '0', 'fa fa-address-book');|{"request":{"service":"Portal.Admin.Install"}}
2023-03-16 18:05:05|SQL|[#9 - 1.65ms - SQL]D:\phpStudy\PHPTutorial\WWW\Phalapi\src\portal\Api\Admin.php(104):    Portal\Api\Admin::install()    phalapi.portal    insert into `phalapi_portal_menu` ( `target`, `id`, `title`, `href`, `sort_num`, `parent_id`, `icon`) values ( '_self', '2', '页面示例', null, '2', '0', 'fa fa-address-book');|{"request":{"service":"Portal.Admin.Install"}}
2023-03-16 18:05:05|SQL|[#10 - 1.21ms - SQL]D:\phpStudy\PHPTutorial\WWW\Phalapi\src\portal\Api\Admin.php(104):    Portal\Api\Admin::install()    phalapi.portal    insert into `phalapi_portal_menu` ( `target`, `id`, `title`, `href`, `sort_num`, `parent_id`, `icon`) values ( '_self', '3', '应用市场', 'http://www.phalapi.net', '3', '0', 'fa fa-rocket');|{"request":{"service":"Portal.Admin.Install"}}
2023-03-16 18:05:05|SQL|[#11 - 1.26ms - SQL]D:\phpStudy\PHPTutorial\WWW\Phalapi\src\portal\Api\Admin.php(104):    Portal\Api\Admin::install()    phalapi.portal    insert into `phalapi_portal_menu` ( `target`, `id`, `title`, `href`, `sort_num`, `parent_id`, `icon`) values ( '_self', '21', '应用市场', 'page/phalapi-plugins/index.html', '1', '3', 'fa fa-rocket');|{"request":{"service":"Portal.Admin.Install"}}
2023-03-16 18:05:05|SQL|[#12 - 1.13ms - SQL]D:\phpStudy\PHPTutorial\WWW\Phalapi\src\portal\Api\Admin.php(104):    Portal\Api\Admin::install()    phalapi.portal    insert into `phalapi_portal_menu` ( `target`, `id`, `title`, `href`, `sort_num`, `parent_id`, `icon`) values ( '_self', '22', '我的应用', 'page/phalapi-plugins/mine.html', '2', '3', 'fa fa-rocket');|{"request":{"service":"Portal.Admin.Install"}}
2023-03-16 18:05:05|SQL|[#13 - 1.29ms - SQL]D:\phpStudy\PHPTutorial\WWW\Phalapi\src\portal\Api\Admin.php(104):    Portal\Api\Admin::install()    phalapi.portal    insert into `phalapi_portal_menu` ( `target`, `id`, `title`, `href`, `sort_num`, `parent_id`, `icon`) values ( '_self', '23', '菜单管理', 'page/menu.html', '2', '1', 'fa fa-window-maximize');|{"request":{"service":"Portal.Admin.Install"}}
2023-03-16 18:05:05|SQL|[#14 - 1.21ms - SQL]D:\phpStudy\PHPTutorial\WWW\Phalapi\src\portal\Api\Admin.php(104):    Portal\Api\Admin::install()    phalapi.portal    insert into `phalapi_portal_menu` ( `target`, `id`, `title`, `href`, `sort_num`, `parent_id`, `icon`) values ( '_self', '24', 'CURD表格示例', 'page/phalapi-curd-table/index.html', '5', '1', 'fa fa-list-alt');|{"request":{"service":"Portal.Admin.Install"}}
2023-03-16 18:05:05|SQL|[#15 - 1.28ms - SQL]D:\phpStudy\PHPTutorial\WWW\Phalapi\src\portal\Api\Admin.php(104):    Portal\Api\Admin::install()    phalapi.portal    insert into `phalapi_portal_menu` ( `target`, `id`, `title`, `href`, `sort_num`, `parent_id`, `icon`) values ( '_self', '101', '首页', 'page/welcome-1.html', '1', '1', 'fa fa-home');|{"request":{"service":"Portal.Admin.Install"}}
2023-03-16 18:05:05|SQL|[#16 - 1.39ms - SQL]D:\phpStudy\PHPTutorial\WWW\Phalapi\src\portal\Api\Admin.php(104):    Portal\Api\Admin::install()    phalapi.portal    insert into `phalapi_portal_menu` ( `target`, `id`, `title`, `href`, `sort_num`, `parent_id`, `icon`) values ( '_self', '201', '系统设置', 'page/setting.html', '0', '2', 'fa fa-gears');|{"request":{"service":"Portal.Admin.Install"}}
2023-03-16 18:05:05|SQL|[#17 - 1.34ms - SQL]D:\phpStudy\PHPTutorial\WWW\Phalapi\src\portal\Api\Admin.php(104):    Portal\Api\Admin::install()    phalapi.portal    insert into `phalapi_portal_menu` ( `target`, `id`, `title`, `href`, `sort_num`, `parent_id`, `icon`) values ( '_self', '202', '表格示例', 'page/table.html', '0', '2', 'fa fa-file-text');|{"request":{"service":"Portal.Admin.Install"}}
2023-03-16 18:05:05|SQL|[#18 - 1.29ms - SQL]D:\phpStudy\PHPTutorial\WWW\Phalapi\src\portal\Api\Admin.php(104):    Portal\Api\Admin::install()    phalapi.portal    insert into `phalapi_portal_menu` ( `target`, `id`, `title`, `href`, `sort_num`, `parent_id`, `icon`) values ( '_self', '203', '分步表单', 'page/form-step.html', '0', '2', 'fa fa-navicon');|{"request":{"service":"Portal.Admin.Install"}}
2023-03-16 18:05:05|SQL|[#19 - 1.24ms - SQL]D:\phpStudy\PHPTutorial\WWW\Phalapi\src\portal\Api\Admin.php(104):    Portal\Api\Admin::install()    phalapi.portal    insert into `phalapi_portal_menu` ( `target`, `id`, `title`, `href`, `sort_num`, `parent_id`, `icon`) values ( '_self', '204', '其它界面', null, '0', '2', 'fa fa-snowflake-o');|{"request":{"service":"Portal.Admin.Install"}}
2023-03-16 18:05:05|SQL|[#20 - 1.27ms - SQL]D:\phpStudy\PHPTutorial\WWW\Phalapi\src\portal\Api\Admin.php(104):    Portal\Api\Admin::install()    phalapi.portal    insert into `phalapi_portal_menu` ( `target`, `id`, `title`, `href`, `sort_num`, `parent_id`, `icon`) values ( '_self', '205', '组件', null, '0', '2', 'fa fa-lemon-o');|{"request":{"service":"Portal.Admin.Install"}}
2023-03-16 18:05:05|SQL|[#21 - 1.32ms - SQL]D:\phpStudy\PHPTutorial\WWW\Phalapi\src\portal\Api\Admin.php(104):    Portal\Api\Admin::install()    phalapi.portal    insert into `phalapi_portal_menu` ( `target`, `id`, `title`, `href`, `sort_num`, `parent_id`, `icon`) values ( '_self', '2001', '表单示例', null, '0', '202', 'fa fa-calendar');|{"request":{"service":"Portal.Admin.Install"}}
2023-03-16 18:05:05|SQL|[#22 - 1.23ms - SQL]D:\phpStudy\PHPTutorial\WWW\Phalapi\src\portal\Api\Admin.php(104):    Portal\Api\Admin::install()    phalapi.portal    insert into `phalapi_portal_menu` ( `target`, `id`, `title`, `href`, `sort_num`, `parent_id`, `icon`) values ( '_self', '2002', '普通表单', 'page/form.html', '0', '202', 'fa fa-list-alt');|{"request":{"service":"Portal.Admin.Install"}}
2023-03-16 18:05:05|SQL|[#23 - 1.25ms - SQL]D:\phpStudy\PHPTutorial\WWW\Phalapi\src\portal\Api\Admin.php(104):    Portal\Api\Admin::install()    phalapi.portal    insert into `phalapi_portal_menu` ( `target`, `id`, `title`, `href`, `sort_num`, `parent_id`, `icon`) values ( '_self', '2003', '按钮示例', 'page/button.html', '0', '204', 'fa fa-snowflake-o');|{"request":{"service":"Portal.Admin.Install"}}
2023-03-16 18:05:05|SQL|[#24 - 1.29ms - SQL]D:\phpStudy\PHPTutorial\WWW\Phalapi\src\portal\Api\Admin.php(104):    Portal\Api\Admin::install()    phalapi.portal    insert into `phalapi_portal_menu` ( `target`, `id`, `title`, `href`, `sort_num`, `parent_id`, `icon`) values ( '_self', '2004', '弹出层', 'page/layer.html', '0', '204', 'fa fa-shield');|{"request":{"service":"Portal.Admin.Install"}}
2023-03-16 18:05:05|SQL|[#25 - 1.25ms - SQL]D:\phpStudy\PHPTutorial\WWW\Phalapi\src\portal\Api\Admin.php(104):    Portal\Api\Admin::install()    phalapi.portal    insert into `phalapi_portal_menu` ( `target`, `id`, `title`, `href`, `sort_num`, `parent_id`, `icon`) values ( '_self', '2005', '图标列表', 'page/icon.html', '0', '205', 'fa fa-dot-circle-o');|{"request":{"service":"Portal.Admin.Install"}}
2023-03-16 18:05:05|SQL|[#26 - 1.24ms - SQL]D:\phpStudy\PHPTutorial\WWW\Phalapi\src\portal\Api\Admin.php(104):    Portal\Api\Admin::install()    phalapi.portal    insert into `phalapi_portal_menu` ( `target`, `id`, `title`, `href`, `sort_num`, `parent_id`, `icon`) values ( '_self', '2006', '文件上传', 'page/upload.html', '0', '205', 'fa fa-arrow-up');|{"request":{"service":"Portal.Admin.Install"}}
2023-03-16 18:05:05|SQL|[#27 - 1.2ms - SQL]D:\phpStudy\PHPTutorial\WWW\Phalapi\src\portal\Api\Admin.php(104):    Portal\Api\Admin::install()    phalapi.portal    insert into `phalapi_portal_menu` ( `target`, `id`, `title`, `href`, `sort_num`, `parent_id`, `icon`) values ( '_self', '2007', '富文本编辑器', 'page/editor.html', '0', '205', 'fa fa-edit');|{"request":{"service":"Portal.Admin.Install"}}
2023-03-16 18:05:05|SQL|[#28 - 1.35ms - SQL]D:\phpStudy\PHPTutorial\WWW\Phalapi\src\portal\Api\Admin.php(104):    Portal\Api\Admin::install()    phalapi.portal    insert into `phalapi_portal_menu` ( `target`, `id`, `title`, `href`, `sort_num`, `parent_id`, `icon`) values ( '_self', '2008', '省市县区选择器', 'page/area.html', '0', '205', 'fa fa-rocket');|{"request":{"service":"Portal.Admin.Install"}}
2023-03-16 18:05:05|SQL|[#29 - 7.85ms - SQL]D:\phpStudy\PHPTutorial\WWW\Phalapi\src\portal\Api\Admin.php(104):    Portal\Api\Admin::install()    phalapi.portal    ALTER  TABLE `phalapi_portal_menu` ADD `assign_admin_roles` varchar(1000) DEFAULT '' COMMENT '管理员角色分配，多个用竖线分割';|{"request":{"service":"Portal.Admin.Install"}}
2023-03-16 18:05:05|SQL|[#30 - 8.63ms - SQL]D:\phpStudy\PHPTutorial\WWW\Phalapi\src\portal\Api\Admin.php(104):    Portal\Api\Admin::install()    phalapi.portal    ALTER  TABLE `phalapi_portal_menu` ADD `assgin_admin_usernames` text COMMENT '分配的管理员ID，多个用竖线分割';|{"request":{"service":"Portal.Admin.Install"}}
2023-03-16 18:05:05|SQL|[#31 - 2.98ms - SQL]D:\phpStudy\PHPTutorial\WWW\Phalapi\src\portal\Api\Admin.php(104):    Portal\Api\Admin::install()    phalapi.portal    CREATE TABLE `phalapi_portal_admin_role` (\n  `id` int(11) NOT NULL AUTO_INCREMENT,\n  `role` varchar(20) NOT NULL DEFAULT '' COMMENT '管理员角色',\n  `role_name` varchar(255) NOT NULL DEFAULT '' COMMENT '管理员角色名称',\n  PRIMARY KEY (`id`)\n) ENGINE=InnoDB AUTO_INCREMENT=3 DEFAULT CHARSET=utf8mb4;|{"request":{"service":"Portal.Admin.Install"}}
2023-03-16 18:05:05|SQL|[#32 - 1.47ms - SQL]D:\phpStudy\PHPTutorial\WWW\Phalapi\src\portal\Api\Admin.php(104):    Portal\Api\Admin::install()    phalapi.portal    INSERT INTO `phalapi_portal_admin_role` VALUES ('1', 'super', '超级管理员'), ('2', 'admin', '普通管理员');|{"request":{"service":"Portal.Admin.Install"}}
2023-03-16 18:05:05|SQL|[#33 - 3.16ms - SQL]D:\phpStudy\PHPTutorial\WWW\Phalapi\src\portal\Api\Admin.php(104):    Portal\Api\Admin::install()    phalapi.portal    CREATE TABLE `phalapi_user` (\n  `id` int(10) unsigned NOT NULL AUTO_INCREMENT COMMENT 'UID',\n  `username` varchar(100) NOT NULL DEFAULT '' COMMENT '用户名',\n  `nickname` varchar(50) DEFAULT '' COMMENT '昵称',\n  `password` varchar(64) NOT NULL DEFAULT '' COMMENT '密码',\n  `salt` varchar(32) DEFAULT NULL COMMENT '随机加密因子',\n  `reg_time` int(11) DEFAULT '0' COMMENT '注册时间',\n  `avatar` varchar(500) DEFAULT '' COMMENT '头像',\n  `mobile` varchar(20) DEFAULT '' COMMENT '手机号',\n  `sex` tinyint(4) DEFAULT '0' COMMENT '性别，1男2女0未知',\n  `email` varchar(50) DEFAULT '' COMMENT '邮箱',\n  PRIMARY KEY (`id`),\n  UNIQUE KEY `username_unique_key` (`username`)\n) ENGINE=InnoDB DEFAULT CHARSET=utf8mb4;|{"request":{"service":"Portal.Admin.Install"}}
2023-03-16 18:05:05|SQL|[#34 - 3ms - SQL]D:\phpStudy\PHPTutorial\WWW\Phalapi\src\portal\Api\Admin.php(104):    Portal\Api\Admin::install()    phalapi.portal    CREATE TABLE `phalapi_user_session` (\n  `id` bigint(20) unsigned NOT NULL AUTO_INCREMENT,\n  `user_id` bigint(20) DEFAULT '0' COMMENT '用户id',\n  `token` varchar(64) DEFAULT '' COMMENT '登录token',\n  `client` varchar(32) DEFAULT '' COMMENT '客户端来源',\n  `times` int(6) DEFAULT '0' COMMENT '登录次数',\n  `login_time` int(11) DEFAULT '0' COMMENT '登录时间',\n  `expires_time` int(11) DEFAULT '0' COMMENT '过期时间',\n  `ext_data` text COMMENT 'json data here',\n  PRIMARY KEY (`id`)\n) ENGINE=InnoDB DEFAULT CHARSET=utf8mb4;|{"request":{"service":"Portal.Admin.Install"}}
2023-03-16 18:05:05|SQL|[#35 - 1.49ms - SQL]D:\phpStudy\PHPTutorial\WWW\Phalapi\src\portal\Api\Admin.php(104):    Portal\Api\Admin::install()    phalapi.portal    insert into `phalapi_portal_menu` ( `target`, `id`, `title`, `href`, `sort_num`, `parent_id`, `icon`) values ( '_self', '25', '用户', 'page/phalapi-user/index.html', '5', '1', 'fa fa-users');|{"request":{"service":"Portal.Admin.Install"}}
2023-03-16 18:05:05|SQL|[#36 - 0.55ms - SQL]D:\phpStudy\PHPTutorial\WWW\Phalapi\src\portal\Domain\Admin.php(64):    Portal\Model\Admin::getByUsername()    phalapi.phalapi_portal_admin    SELECT * FROM phalapi_portal_admin WHERE (username = 'admin') LIMIT 1;|{"request":{"service":"Portal.Admin.Install"}}
2023-03-16 18:05:05|SQL|[#37 - 1.4ms - SQL]D:\phpStudy\PHPTutorial\WWW\Phalapi\src\portal\Api\Admin.php(114):    Portal\Domain\Admin::createAdmin()    phalapi.phalapi_portal_admin    INSERT  INTO phalapi_portal_admin (`username`, `password`, `salt`, `role`, `state`, `created_at`) VALUES ('admin', '724a6ffbeb903405c60e34ff246df4c5', '7fvi2ReN5PNE3Kb0RuynMzRthig2r636AtTjjq0DgEBZ1lYzWhB1HaPTR02SunEb', 'super', 1, '2023-03-16 18:05:05');|{"request":{"service":"Portal.Admin.Install"}}
2023-03-16 18:09:32|SQL|[#1 - 1.06ms - SQL]D:\phpStudy\PHPTutorial\WWW\Phalapi\src\portal\Domain\Admin.php(92):    Portal\Model\Admin::getTotalNum()    phalapi.phalapi_portal_admin    SELECT COUNT(id) FROM phalapi_portal_admin;|{"request":{"service":"Portal.Admin.Install"}}
2023-03-16 18:10:35|SQL|[#1 - 0.34ms - SQL]D:\phpStudy\PHPTutorial\WWW\Phalapi\src\portal\Domain\Admin.php(92):    Portal\Model\Admin::getTotalNum()    phalapi.phalapi_portal_admin    SELECT COUNT(id) FROM phalapi_portal_admin;|{"request":{"service":"Portal.Admin.Install"}}
2023-03-16 18:10:45|SQL|[#1 - 0.5ms - SQL]D:\phpStudy\PHPTutorial\WWW\Phalapi\src\portal\Api\Admin.php(53):    Portal\Api\Admin::checkLogin()    phalapi.portal    show tables like '%phalapi_portal_admin';|{"request":{"service":"Portal.Admin.CheckLogin"}}
2023-03-16 18:10:51|SQL|[#1 - 0.84ms - SQL]D:\phpStudy\PHPTutorial\WWW\Phalapi\src\portal\Domain\Admin.php(17):    Portal\Model\Admin::getByUsername()    phalapi.phalapi_portal_admin    SELECT * FROM phalapi_portal_admin WHERE (username = 'admin') LIMIT 1;|{"request":{"service":"Portal.Admin.Login"}}
2023-03-16 18:10:53|SQL|[#1 - 1.58ms - SQL]D:\phpStudy\PHPTutorial\WWW\Phalapi\src\portal\Domain\Menu.php(11):    Portal\Model\Menu::getAllMenus()    phalapi.phalapi_portal_menu    SELECT * FROM phalapi_portal_menu ORDER BY sort_num;|{"request":{"service":"Portal.Page.StartUp"}}
2023-03-16 18:10:56|SQL|[#1 - 4.48ms - SQL]D:\phpStudy\PHPTutorial\WWW\Phalapi\src\portal\Api\User\User.php(93):    Portal\Model\User\User::getUserRegisterStat()    phalapi.wp_userinfo    SELECT count(*) as reg_total, FROM_UNIXTIME(utime, '%Y-%m-%d') as reg_date FROM wp_userinfo WHERE (utime > ?) GROUP BY FROM_UNIXTIME(utime, '%Y-%m-%d') ORDER BY reg_date; -- 1676304000|{"request":{"service":"Portal.User_User.GetUserRegisterStat"}}
2023-03-16 18:10:58|SQL|[#1 - 0.34ms - SQL]D:\phpStudy\PHPTutorial\WWW\Phalapi\src\portal\Api\Page.php(128):    PhalApi\Model\DataModel::count()    phalapi.wp_userinfo    SELECT COUNT(*) FROM wp_userinfo;|{"request":{"service":"Portal.Page.Welcome"}}
2023-03-16 18:10:58|SQL|[#2 - 0.26ms - SQL]D:\phpStudy\PHPTutorial\WWW\Phalapi\src\portal\Domain\Admin.php(92):    Portal\Model\Admin::getTotalNum()    phalapi.phalapi_portal_admin    SELECT COUNT(id) FROM phalapi_portal_admin;|{"request":{"service":"Portal.Page.Welcome"}}
