2024-03-01 12:13:58|SQL|[#1 - 0.29ms - SQL]/www/wwwroot/phalapi/src/portal/Domain/Admin.php(17):    Portal\Model\Admin::getByUsername()    phalapi.phalapi_portal_admin    SELECT * FROM phalapi_portal_admin WHERE (username = 'admin') LIMIT 1;|{"request":{"service":"Portal.Admin.Login"}}
2024-03-01 12:14:05|SQL|[#1 - 0.3ms - SQL]/www/wwwroot/phalapi/src/portal/Domain/Admin.php(17):    Portal\Model\Admin::getByUsername()    phalapi.phalapi_portal_admin    SELECT * FROM phalapi_portal_admin WHERE (username = 'admin') LIMIT 1;|{"request":{"service":"Portal.Admin.Login"}}
2024-03-01 12:14:07|SQL|[#1 - 0.36ms - SQL]/www/wwwroot/phalapi/src/portal/Domain/Menu.php(11):    Portal\Model\Menu::getAllMenus()    phalapi.phalapi_portal_menu    SELECT * FROM phalapi_portal_menu ORDER BY sort_num;|{"request":{"service":"Portal.Page.StartUp"}}
2024-03-01 12:14:08|ERROR|Portal.Page.Welcome|PDOException: SQLSTATE[42S02]: Base table or view not found: 1146 Table 'phalapi.phalapi_userinfo' doesn't exist in /www/wwwroot/phalapi/vendor/phalapi/notorm/src/NotORM/Result.php:237
Stack trace:
#0 /www/wwwroot/phalapi/vendor/phalapi/notorm/src/NotORM/Result.php(237): PDO->prepare('SELECT COUNT(*)...')
#1 /www/wwwroot/phalapi/vendor/phalapi/notorm/src/NotORM/Result.php(860): NotORM_Result->query('SELECT COUNT(*)...', Array)
#2 /www/wwwroot/phalapi/vendor/phalapi/notorm/src/NotORM/Result.php(872): NotORM_Result->aggregation('COUNT(*)')
#3 /www/wwwroot/phalapi/vendor/phalapi/kernal/src/Model/DataModel.php(56): NotORM_Result->count('*')
#4 /www/wwwroot/phalapi/src/portal/Api/Page.php(128): PhalApi\Model\DataModel->count()
#5 [internal function]: Portal\Api\Page->welcome()
#6 /www/wwwroot/phalapi/vendor/phalapi/kernal/src/PhalApi.php(53): call_user_func(Array)
#7 /www/wwwroot/phalapi/public/index.php(9): PhalApi\PhalApi->response()
#8 {main}
2024-03-01 12:14:08|ERROR|Portal.User_User.GetUserRegisterStat|PDOException: SQLSTATE[42S02]: Base table or view not found: 1146 Table 'phalapi.phalapi_userinfo' doesn't exist in /www/wwwroot/phalapi/vendor/phalapi/notorm/src/NotORM/Result.php:237
Stack trace:
#0 /www/wwwroot/phalapi/vendor/phalapi/notorm/src/NotORM/Result.php(237): PDO->prepare('SELECT count(*)...')
#1 /www/wwwroot/phalapi/vendor/phalapi/notorm/src/NotORM/Result.php(923): NotORM_Result->query('SELECT count(*)...', Array)
#2 /www/wwwroot/phalapi/vendor/phalapi/notorm/src/NotORM/Result.php(1008): NotORM_Result->execute()
#3 /www/wwwroot/phalapi/src/portal/Model/User/User.php(21): NotORM_Result->fetchAll()
#4 /www/wwwroot/phalapi/src/portal/Api/User/User.php(93): Portal\Model\User\User->getUserRegisterStat(1706630400)
#5 [internal function]: Portal\Api\User\User->getUserRegisterStat()
#6 /www/wwwroot/phalapi/vendor/phalapi/kernal/src/PhalApi.php(53): call_user_func(Array)
#7 /www/wwwroot/phalapi/public/index.php(9): PhalApi\PhalApi->response()
#8 {main}
2024-03-01 12:14:15|ERROR|Portal.User_User.GetUserRegisterStat|PDOException: SQLSTATE[42S02]: Base table or view not found: 1146 Table 'phalapi.phalapi_userinfo' doesn't exist in /www/wwwroot/phalapi/vendor/phalapi/notorm/src/NotORM/Result.php:237
Stack trace:
#0 /www/wwwroot/phalapi/vendor/phalapi/notorm/src/NotORM/Result.php(237): PDO->prepare('SELECT count(*)...')
#1 /www/wwwroot/phalapi/vendor/phalapi/notorm/src/NotORM/Result.php(923): NotORM_Result->query('SELECT count(*)...', Array)
#2 /www/wwwroot/phalapi/vendor/phalapi/notorm/src/NotORM/Result.php(1008): NotORM_Result->execute()
#3 /www/wwwroot/phalapi/src/portal/Model/User/User.php(21): NotORM_Result->fetchAll()
#4 /www/wwwroot/phalapi/src/portal/Api/User/User.php(93): Portal\Model\User\User->getUserRegisterStat(1706630400)
#5 [internal function]: Portal\Api\User\User->getUserRegisterStat()
#6 /www/wwwroot/phalapi/vendor/phalapi/kernal/src/PhalApi.php(53): call_user_func(Array)
#7 /www/wwwroot/phalapi/public/index.php(9): PhalApi\PhalApi->response()
#8 {main}
2024-03-01 12:14:15|ERROR|Portal.Page.Welcome|PDOException: SQLSTATE[42S02]: Base table or view not found: 1146 Table 'phalapi.phalapi_userinfo' doesn't exist in /www/wwwroot/phalapi/vendor/phalapi/notorm/src/NotORM/Result.php:237
Stack trace:
#0 /www/wwwroot/phalapi/vendor/phalapi/notorm/src/NotORM/Result.php(237): PDO->prepare('SELECT COUNT(*)...')
#1 /www/wwwroot/phalapi/vendor/phalapi/notorm/src/NotORM/Result.php(860): NotORM_Result->query('SELECT COUNT(*)...', Array)
#2 /www/wwwroot/phalapi/vendor/phalapi/notorm/src/NotORM/Result.php(872): NotORM_Result->aggregation('COUNT(*)')
#3 /www/wwwroot/phalapi/vendor/phalapi/kernal/src/Model/DataModel.php(56): NotORM_Result->count('*')
#4 /www/wwwroot/phalapi/src/portal/Api/Page.php(128): PhalApi\Model\DataModel->count()
#5 [internal function]: Portal\Api\Page->welcome()
#6 /www/wwwroot/phalapi/vendor/phalapi/kernal/src/PhalApi.php(53): call_user_func(Array)
#7 /www/wwwroot/phalapi/public/index.php(9): PhalApi\PhalApi->response()
#8 {main}
2024-03-01 12:14:16|ERROR|Portal.User_User.TableList|PDOException: SQLSTATE[42S02]: Base table or view not found: 1146 Table 'phalapi.phalapi_userinfo' doesn't exist in /www/wwwroot/phalapi/vendor/phalapi/notorm/src/NotORM/Result.php:237
Stack trace:
#0 /www/wwwroot/phalapi/vendor/phalapi/notorm/src/NotORM/Result.php(237): PDO->prepare('SELECT COUNT(*)...')
#1 /www/wwwroot/phalapi/vendor/phalapi/notorm/src/NotORM/Result.php(860): NotORM_Result->query('SELECT COUNT(*)...', Array)
#2 /www/wwwroot/phalapi/vendor/phalapi/notorm/src/NotORM/Result.php(872): NotORM_Result->aggregation('COUNT(*)')
#3 /www/wwwroot/phalapi/vendor/phalapi/kernal/src/Model/DataModel.php(56): NotORM_Result->count('*')
#4 /www/wwwroot/phalapi/vendor/phalapi/kernal/src/Api/DataApi.php(88): PhalApi\Model\DataModel->count(NULL)
#5 [internal function]: PhalApi\Api\DataApi->tableList()
#6 /www/wwwroot/phalapi/vendor/phalapi/kernal/src/PhalApi.php(53): call_user_func(Array)
#7 /www/wwwroot/phalapi/public/index.php(9): PhalApi\PhalApi->response()
#8 {main}
2024-03-01 12:14:23|SQL|[#1 - 0.35ms - SQL]/www/wwwroot/phalapi/src/portal/Domain/Menu.php(11):    Portal\Model\Menu::getAllMenus()    phalapi.phalapi_portal_menu    SELECT * FROM phalapi_portal_menu ORDER BY sort_num;|{"request":{"service":"Portal.Page.StartUp"}}
2024-03-01 12:14:23|ERROR|Portal.User_User.TableList|PDOException: SQLSTATE[42S02]: Base table or view not found: 1146 Table 'phalapi.phalapi_userinfo' doesn't exist in /www/wwwroot/phalapi/vendor/phalapi/notorm/src/NotORM/Result.php:237
Stack trace:
#0 /www/wwwroot/phalapi/vendor/phalapi/notorm/src/NotORM/Result.php(237): PDO->prepare('SELECT COUNT(*)...')
#1 /www/wwwroot/phalapi/vendor/phalapi/notorm/src/NotORM/Result.php(860): NotORM_Result->query('SELECT COUNT(*)...', Array)
#2 /www/wwwroot/phalapi/vendor/phalapi/notorm/src/NotORM/Result.php(872): NotORM_Result->aggregation('COUNT(*)')
#3 /www/wwwroot/phalapi/vendor/phalapi/kernal/src/Model/DataModel.php(56): NotORM_Result->count('*')
#4 /www/wwwroot/phalapi/vendor/phalapi/kernal/src/Api/DataApi.php(88): PhalApi\Model\DataModel->count(NULL)
#5 [internal function]: PhalApi\Api\DataApi->tableList()
#6 /www/wwwroot/phalapi/vendor/phalapi/kernal/src/PhalApi.php(53): call_user_func(Array)
#7 /www/wwwroot/phalapi/public/index.php(9): PhalApi\PhalApi->response()
#8 {main}
2024-03-01 12:14:24|ERROR|Portal.User_User.GetUserRegisterStat|PDOException: SQLSTATE[42S02]: Base table or view not found: 1146 Table 'phalapi.phalapi_userinfo' doesn't exist in /www/wwwroot/phalapi/vendor/phalapi/notorm/src/NotORM/Result.php:237
Stack trace:
#0 /www/wwwroot/phalapi/vendor/phalapi/notorm/src/NotORM/Result.php(237): PDO->prepare('SELECT count(*)...')
#1 /www/wwwroot/phalapi/vendor/phalapi/notorm/src/NotORM/Result.php(923): NotORM_Result->query('SELECT count(*)...', Array)
#2 /www/wwwroot/phalapi/vendor/phalapi/notorm/src/NotORM/Result.php(1008): NotORM_Result->execute()
#3 /www/wwwroot/phalapi/src/portal/Model/User/User.php(21): NotORM_Result->fetchAll()
#4 /www/wwwroot/phalapi/src/portal/Api/User/User.php(93): Portal\Model\User\User->getUserRegisterStat(1706630400)
#5 [internal function]: Portal\Api\User\User->getUserRegisterStat()
#6 /www/wwwroot/phalapi/vendor/phalapi/kernal/src/PhalApi.php(53): call_user_func(Array)
#7 /www/wwwroot/phalapi/public/index.php(9): PhalApi\PhalApi->response()
#8 {main}
2024-03-01 12:14:24|ERROR|Portal.Page.Welcome|PDOException: SQLSTATE[42S02]: Base table or view not found: 1146 Table 'phalapi.phalapi_userinfo' doesn't exist in /www/wwwroot/phalapi/vendor/phalapi/notorm/src/NotORM/Result.php:237
Stack trace:
#0 /www/wwwroot/phalapi/vendor/phalapi/notorm/src/NotORM/Result.php(237): PDO->prepare('SELECT COUNT(*)...')
#1 /www/wwwroot/phalapi/vendor/phalapi/notorm/src/NotORM/Result.php(860): NotORM_Result->query('SELECT COUNT(*)...', Array)
#2 /www/wwwroot/phalapi/vendor/phalapi/notorm/src/NotORM/Result.php(872): NotORM_Result->aggregation('COUNT(*)')
#3 /www/wwwroot/phalapi/vendor/phalapi/kernal/src/Model/DataModel.php(56): NotORM_Result->count('*')
#4 /www/wwwroot/phalapi/src/portal/Api/Page.php(128): PhalApi\Model\DataModel->count()
#5 [internal function]: Portal\Api\Page->welcome()
#6 /www/wwwroot/phalapi/vendor/phalapi/kernal/src/PhalApi.php(53): call_user_func(Array)
#7 /www/wwwroot/phalapi/public/index.php(9): PhalApi\PhalApi->response()
#8 {main}
2024-03-01 12:14:56|SQL|[#1 - 0.36ms - SQL]/www/wwwroot/phalapi/src/portal/Domain/Menu.php(64):    Portal\Model\Menu::listAllMenus()    phalapi.phalapi_portal_menu    SELECT id, id as authorityId, title as authorityName, sort_num as orderNumber, parent_id as parentId, icon as menuIcon, href as menuUrl, assign_admin_roles, assgin_admin_usernames FROM phalapi_portal_menu ORDER BY parent_id, sort_num;|{"request":{"service":"Portal.Page.Menu"}}
2024-03-01 12:15:00|SQL|[#1 - 0.23ms - SQL]/www/wwwroot/phalapi/vendor/phalapi/kernal/src/Api/DataApi.php(88):    PhalApi\Model\DataModel::count()    phalapi.phalapi_curd    SELECT COUNT(*) FROM phalapi_curd;|{"request":{"service":"Portal.CURD.TableList"}}
2024-03-01 12:15:00|SQL|[#2 - 0.16ms - SQL]/www/wwwroot/phalapi/vendor/phalapi/kernal/src/Api/DataApi.php(89):    PhalApi\Model\DataModel::getList()    phalapi.phalapi_curd    SELECT * FROM phalapi_curd ORDER BY id DESC LIMIT 0,15;|{"request":{"service":"Portal.CURD.TableList"}}
2024-03-01 12:15:15|ERROR|Portal.User_User.TableList|PDOException: SQLSTATE[42S02]: Base table or view not found: 1146 Table 'phalapi.phalapi_userinfo' doesn't exist in /www/wwwroot/phalapi/vendor/phalapi/notorm/src/NotORM/Result.php:237
Stack trace:
#0 /www/wwwroot/phalapi/vendor/phalapi/notorm/src/NotORM/Result.php(237): PDO->prepare('SELECT COUNT(*)...')
#1 /www/wwwroot/phalapi/vendor/phalapi/notorm/src/NotORM/Result.php(860): NotORM_Result->query('SELECT COUNT(*)...', Array)
#2 /www/wwwroot/phalapi/vendor/phalapi/notorm/src/NotORM/Result.php(872): NotORM_Result->aggregation('COUNT(*)')
#3 /www/wwwroot/phalapi/vendor/phalapi/kernal/src/Model/DataModel.php(56): NotORM_Result->count('*')
#4 /www/wwwroot/phalapi/vendor/phalapi/kernal/src/Api/DataApi.php(88): PhalApi\Model\DataModel->count(NULL)
#5 [internal function]: PhalApi\Api\DataApi->tableList()
#6 /www/wwwroot/phalapi/vendor/phalapi/kernal/src/PhalApi.php(53): call_user_func(Array)
#7 /www/wwwroot/phalapi/public/index.php(9): PhalApi\PhalApi->response()
#8 {main}
2024-03-01 12:17:32|SQL|[#1 - 109.91ms - SQL]/www/wwwroot/phalapi/src/portal/Domain/Menu.php(11):    Portal\Model\Menu::getAllMenus()    phalapi.phalapi_portal_menu    SELECT * FROM phalapi_portal_menu ORDER BY sort_num;|{"request":{"service":"Portal.Page.StartUp"}}
2024-03-01 12:17:32|SQL|[#1 - 0.3ms - SQL]/www/wwwroot/phalapi/vendor/phalapi/kernal/src/Api/DataApi.php(88):    PhalApi\Model\DataModel::count()    phalapi.phalapi_userinfo    SELECT COUNT(*) FROM phalapi_userinfo;|{"request":{"service":"Portal.User_User.TableList"}}
2024-03-01 12:17:32|ERROR|Portal.User_User.TableList|PDOException: SQLSTATE[42S22]: Column not found: 1054 Unknown column 'id' in 'field list' in /www/wwwroot/phalapi/vendor/phalapi/notorm/src/NotORM/Result.php:237
Stack trace:
#0 /www/wwwroot/phalapi/vendor/phalapi/notorm/src/NotORM/Result.php(237): PDO->prepare('SELECT id,usern...')
#1 /www/wwwroot/phalapi/vendor/phalapi/notorm/src/NotORM/Result.php(923): NotORM_Result->query('SELECT id,usern...', Array)
#2 /www/wwwroot/phalapi/vendor/phalapi/notorm/src/NotORM/Result.php(1008): NotORM_Result->execute()
#3 /www/wwwroot/phalapi/vendor/phalapi/kernal/src/Model/DataModel.php(203): NotORM_Result->fetchAll()
#4 /www/wwwroot/phalapi/vendor/phalapi/kernal/src/Api/DataApi.php(89): PhalApi\Model\DataModel->getList(NULL, Array, 'id,username,nic...', 'id DESC', 1, 15)
#5 [internal function]: PhalApi\Api\DataApi->tableList()
#6 /www/wwwroot/phalapi/vendor/phalapi/kernal/src/PhalApi.php(53): call_user_func(Array)
#7 /www/wwwroot/phalapi/public/index.php(9): PhalApi\PhalApi->response()
#8 {main}
2024-03-01 12:17:34|SQL|[#1 - 0.3ms - SQL]/www/wwwroot/phalapi/src/portal/Api/Page.php(128):    PhalApi\Model\DataModel::count()    phalapi.phalapi_userinfo    SELECT COUNT(*) FROM phalapi_userinfo;|{"request":{"service":"Portal.Page.Welcome"}}
2024-03-01 12:17:34|SQL|[#2 - 0.16ms - SQL]/www/wwwroot/phalapi/src/portal/Domain/Admin.php(92):    Portal\Model\Admin::getTotalNum()    phalapi.phalapi_portal_admin    SELECT COUNT(id) FROM phalapi_portal_admin;|{"request":{"service":"Portal.Page.Welcome"}}
2024-03-01 12:17:34|SQL|[#1 - 17.33ms - SQL]/www/wwwroot/phalapi/src/portal/Api/User/User.php(93):    Portal\Model\User\User::getUserRegisterStat()    phalapi.phalapi_userinfo    SELECT count(*) as reg_total, FROM_UNIXTIME(utime, '%Y-%m-%d') as reg_date FROM phalapi_userinfo WHERE (utime > ?) GROUP BY FROM_UNIXTIME(utime, '%Y-%m-%d') ORDER BY reg_date; -- 1706630400|{"request":{"service":"Portal.User_User.GetUserRegisterStat"}}
2024-03-01 12:18:57|SQL|[#1 - 0.37ms - SQL]/www/wwwroot/phalapi/src/portal/Domain/Menu.php(64):    Portal\Model\Menu::listAllMenus()    phalapi.phalapi_portal_menu    SELECT id, id as authorityId, title as authorityName, sort_num as orderNumber, parent_id as parentId, icon as menuIcon, href as menuUrl, assign_admin_roles, assgin_admin_usernames FROM phalapi_portal_menu ORDER BY parent_id, sort_num;|{"request":{"service":"Portal.Page.Menu"}}
2024-03-01 12:19:06|SQL|[#1 - 0.27ms - SQL]/www/wwwroot/phalapi/src/portal/Api/Page.php(128):    PhalApi\Model\DataModel::count()    phalapi.phalapi_userinfo    SELECT COUNT(*) FROM phalapi_userinfo;|{"request":{"service":"Portal.Page.Welcome"}}
2024-03-01 12:19:06|SQL|[#2 - 0.29ms - SQL]/www/wwwroot/phalapi/src/portal/Domain/Admin.php(92):    Portal\Model\Admin::getTotalNum()    phalapi.phalapi_portal_admin    SELECT COUNT(id) FROM phalapi_portal_admin;|{"request":{"service":"Portal.Page.Welcome"}}
2024-03-01 12:19:06|SQL|[#1 - 0.37ms - SQL]/www/wwwroot/phalapi/src/portal/Api/User/User.php(93):    Portal\Model\User\User::getUserRegisterStat()    phalapi.phalapi_userinfo    SELECT count(*) as reg_total, FROM_UNIXTIME(utime, '%Y-%m-%d') as reg_date FROM phalapi_userinfo WHERE (utime > ?) GROUP BY FROM_UNIXTIME(utime, '%Y-%m-%d') ORDER BY reg_date; -- 1706630400|{"request":{"service":"Portal.User_User.GetUserRegisterStat"}}
2024-03-01 12:22:37|SQL|[#1 - 0.36ms - SQL]/www/wwwroot/phalapi/src/portal/Domain/Menu.php(11):    Portal\Model\Menu::getAllMenus()    phalapi.phalapi_portal_menu    SELECT * FROM phalapi_portal_menu ORDER BY sort_num;|{"request":{"service":"Portal.Page.StartUp"}}
2024-03-01 12:22:38|SQL|[#1 - 0.25ms - SQL]/www/wwwroot/phalapi/src/portal/Api/Page.php(128):    PhalApi\Model\DataModel::count()    phalapi.phalapi_userinfo    SELECT COUNT(*) FROM phalapi_userinfo;|{"request":{"service":"Portal.Page.Welcome"}}
2024-03-01 12:22:38|SQL|[#2 - 0.16ms - SQL]/www/wwwroot/phalapi/src/portal/Domain/Admin.php(92):    Portal\Model\Admin::getTotalNum()    phalapi.phalapi_portal_admin    SELECT COUNT(id) FROM phalapi_portal_admin;|{"request":{"service":"Portal.Page.Welcome"}}
2024-03-01 12:22:38|SQL|[#1 - 0.45ms - SQL]/www/wwwroot/phalapi/src/portal/Api/User/User.php(93):    Portal\Model\User\User::getUserRegisterStat()    phalapi.phalapi_userinfo    SELECT count(*) as reg_total, FROM_UNIXTIME(utime, '%Y-%m-%d') as reg_date FROM phalapi_userinfo WHERE (utime > ?) GROUP BY FROM_UNIXTIME(utime, '%Y-%m-%d') ORDER BY reg_date; -- 1706630400|{"request":{"service":"Portal.User_User.GetUserRegisterStat"}}
2024-03-01 12:22:39|SQL|[#1 - 0.31ms - SQL]/www/wwwroot/phalapi/src/portal/Api/Page.php(128):    PhalApi\Model\DataModel::count()    phalapi.phalapi_userinfo    SELECT COUNT(*) FROM phalapi_userinfo;|{"request":{"service":"Portal.Page.Welcome"}}
2024-03-01 12:22:39|SQL|[#2 - 0.14ms - SQL]/www/wwwroot/phalapi/src/portal/Domain/Admin.php(92):    Portal\Model\Admin::getTotalNum()    phalapi.phalapi_portal_admin    SELECT COUNT(id) FROM phalapi_portal_admin;|{"request":{"service":"Portal.Page.Welcome"}}
2024-03-01 12:22:39|SQL|[#1 - 0.34ms - SQL]/www/wwwroot/phalapi/src/portal/Api/User/User.php(93):    Portal\Model\User\User::getUserRegisterStat()    phalapi.phalapi_userinfo    SELECT count(*) as reg_total, FROM_UNIXTIME(utime, '%Y-%m-%d') as reg_date FROM phalapi_userinfo WHERE (utime > ?) GROUP BY FROM_UNIXTIME(utime, '%Y-%m-%d') ORDER BY reg_date; -- 1706630400|{"request":{"service":"Portal.User_User.GetUserRegisterStat"}}
2024-03-01 12:22:40|SQL|[#1 - 0.28ms - SQL]/www/wwwroot/phalapi/vendor/phalapi/kernal/src/Api/DataApi.php(88):    PhalApi\Model\DataModel::count()    phalapi.phalapi_userinfo    SELECT COUNT(*) FROM phalapi_userinfo;|{"request":{"service":"Portal.User_User.TableList"}}
2024-03-01 12:22:40|ERROR|Portal.User_User.TableList|PDOException: SQLSTATE[42S22]: Column not found: 1054 Unknown column 'id' in 'order clause' in /www/wwwroot/phalapi/vendor/phalapi/notorm/src/NotORM/Result.php:237
Stack trace:
#0 /www/wwwroot/phalapi/vendor/phalapi/notorm/src/NotORM/Result.php(237): PDO->prepare('SELECT uid,user...')
#1 /www/wwwroot/phalapi/vendor/phalapi/notorm/src/NotORM/Result.php(923): NotORM_Result->query('SELECT uid,user...', Array)
#2 /www/wwwroot/phalapi/vendor/phalapi/notorm/src/NotORM/Result.php(1008): NotORM_Result->execute()
#3 /www/wwwroot/phalapi/vendor/phalapi/kernal/src/Model/DataModel.php(203): NotORM_Result->fetchAll()
#4 /www/wwwroot/phalapi/vendor/phalapi/kernal/src/Api/DataApi.php(89): PhalApi\Model\DataModel->getList(NULL, Array, 'uid,username,ni...', 'id DESC', 1, 15)
#5 [internal function]: PhalApi\Api\DataApi->tableList()
#6 /www/wwwroot/phalapi/vendor/phalapi/kernal/src/PhalApi.php(53): call_user_func(Array)
#7 /www/wwwroot/phalapi/public/index.php(9): PhalApi\PhalApi->response()
#8 {main}
2024-03-01 12:23:03|SQL|[#1 - 0.24ms - SQL]/www/wwwroot/phalapi/vendor/phalapi/kernal/src/Api/DataApi.php(88):    PhalApi\Model\DataModel::count()    phalapi.phalapi_userinfo    SELECT COUNT(*) FROM phalapi_userinfo;|{"request":{"service":"Portal.User_User.TableList"}}
2024-03-01 12:23:03|ERROR|Portal.User_User.TableList|PDOException: SQLSTATE[42S22]: Column not found: 1054 Unknown column 'id' in 'order clause' in /www/wwwroot/phalapi/vendor/phalapi/notorm/src/NotORM/Result.php:237
Stack trace:
#0 /www/wwwroot/phalapi/vendor/phalapi/notorm/src/NotORM/Result.php(237): PDO->prepare('SELECT uid,user...')
#1 /www/wwwroot/phalapi/vendor/phalapi/notorm/src/NotORM/Result.php(923): NotORM_Result->query('SELECT uid,user...', Array)
#2 /www/wwwroot/phalapi/vendor/phalapi/notorm/src/NotORM/Result.php(1008): NotORM_Result->execute()
#3 /www/wwwroot/phalapi/vendor/phalapi/kernal/src/Model/DataModel.php(203): NotORM_Result->fetchAll()
#4 /www/wwwroot/phalapi/vendor/phalapi/kernal/src/Api/DataApi.php(89): PhalApi\Model\DataModel->getList(NULL, Array, 'uid,username,ni...', 'id DESC', 1, 15)
#5 [internal function]: PhalApi\Api\DataApi->tableList()
#6 /www/wwwroot/phalapi/vendor/phalapi/kernal/src/PhalApi.php(53): call_user_func(Array)
#7 /www/wwwroot/phalapi/public/index.php(9): PhalApi\PhalApi->response()
#8 {main}
2024-03-01 12:24:22|SQL|[#1 - 0.33ms - SQL]/www/wwwroot/phalapi/vendor/phalapi/kernal/src/Api/DataApi.php(88):    PhalApi\Model\DataModel::count()    phalapi.phalapi_userinfo    SELECT COUNT(*) FROM phalapi_userinfo;|{"request":{"service":"Portal.User_User.TableList"}}
2024-03-01 12:24:22|ERROR|Portal.User_User.TableList|PDOException: SQLSTATE[42S22]: Column not found: 1054 Unknown column 'id' in 'order clause' in /www/wwwroot/phalapi/vendor/phalapi/notorm/src/NotORM/Result.php:237
Stack trace:
#0 /www/wwwroot/phalapi/vendor/phalapi/notorm/src/NotORM/Result.php(237): PDO->prepare('SELECT uid,user...')
#1 /www/wwwroot/phalapi/vendor/phalapi/notorm/src/NotORM/Result.php(923): NotORM_Result->query('SELECT uid,user...', Array)
#2 /www/wwwroot/phalapi/vendor/phalapi/notorm/src/NotORM/Result.php(1008): NotORM_Result->execute()
#3 /www/wwwroot/phalapi/vendor/phalapi/kernal/src/Model/DataModel.php(203): NotORM_Result->fetchAll()
#4 /www/wwwroot/phalapi/vendor/phalapi/kernal/src/Api/DataApi.php(89): PhalApi\Model\DataModel->getList(NULL, Array, 'uid,username,ni...', 'id DESC', 1, 15)
#5 [internal function]: PhalApi\Api\DataApi->tableList()
#6 /www/wwwroot/phalapi/vendor/phalapi/kernal/src/PhalApi.php(53): call_user_func(Array)
#7 /www/wwwroot/phalapi/public/index.php(9): PhalApi\PhalApi->response()
#8 {main}
2024-03-01 12:25:25|SQL|[#1 - 0.24ms - SQL]/www/wwwroot/phalapi/vendor/phalapi/kernal/src/Api/DataApi.php(88):    PhalApi\Model\DataModel::count()    phalapi.phalapi_userinfo    SELECT COUNT(*) FROM phalapi_userinfo;|{"request":{"service":"Portal.User_User.TableList"}}
2024-03-01 12:25:25|SQL|[#2 - 0.16ms - SQL]/www/wwwroot/phalapi/vendor/phalapi/kernal/src/Api/DataApi.php(89):    PhalApi\Model\DataModel::getList()    phalapi.phalapi_userinfo    SELECT id,username,nickname,utime,utel FROM phalapi_userinfo ORDER BY id DESC LIMIT 0,15;|{"request":{"service":"Portal.User_User.TableList"}}
2024-03-01 12:25:30|SQL|[#1 - 0.38ms - SQL]/www/wwwroot/phalapi/src/portal/Domain/Menu.php(11):    Portal\Model\Menu::getAllMenus()    phalapi.phalapi_portal_menu    SELECT * FROM phalapi_portal_menu ORDER BY sort_num;|{"request":{"service":"Portal.Page.StartUp"}}
2024-03-01 12:25:31|SQL|[#1 - 0.24ms - SQL]/www/wwwroot/phalapi/vendor/phalapi/kernal/src/Api/DataApi.php(88):    PhalApi\Model\DataModel::count()    phalapi.phalapi_userinfo    SELECT COUNT(*) FROM phalapi_userinfo;|{"request":{"service":"Portal.User_User.TableList"}}
2024-03-01 12:25:31|SQL|[#2 - 0.21ms - SQL]/www/wwwroot/phalapi/vendor/phalapi/kernal/src/Api/DataApi.php(89):    PhalApi\Model\DataModel::getList()    phalapi.phalapi_userinfo    SELECT id,username,nickname,utime,utel FROM phalapi_userinfo ORDER BY id DESC LIMIT 0,15;|{"request":{"service":"Portal.User_User.TableList"}}
2024-03-01 12:25:32|SQL|[#1 - 0.28ms - SQL]/www/wwwroot/phalapi/src/portal/Api/Page.php(128):    PhalApi\Model\DataModel::count()    phalapi.phalapi_userinfo    SELECT COUNT(*) FROM phalapi_userinfo;|{"request":{"service":"Portal.Page.Welcome"}}
2024-03-01 12:25:32|SQL|[#2 - 0.2ms - SQL]/www/wwwroot/phalapi/src/portal/Domain/Admin.php(92):    Portal\Model\Admin::getTotalNum()    phalapi.phalapi_portal_admin    SELECT COUNT(id) FROM phalapi_portal_admin;|{"request":{"service":"Portal.Page.Welcome"}}
2024-03-01 12:25:32|SQL|[#1 - 0.26ms - SQL]/www/wwwroot/phalapi/src/portal/Api/User/User.php(93):    Portal\Model\User\User::getUserRegisterStat()    phalapi.phalapi_userinfo    SELECT count(*) as reg_total, FROM_UNIXTIME(utime, '%Y-%m-%d') as reg_date FROM phalapi_userinfo WHERE (utime > ?) GROUP BY FROM_UNIXTIME(utime, '%Y-%m-%d') ORDER BY reg_date; -- 1706630400|{"request":{"service":"Portal.User_User.GetUserRegisterStat"}}
2024-03-01 12:25:43|ERROR|App.User_User.Login|PDOException: SQLSTATE[42S22]: Column not found: 1054 Unknown column 'uid' in 'field list' in /www/wwwroot/phalapi/vendor/phalapi/notorm/src/NotORM/Result.php:237
Stack trace:
#0 /www/wwwroot/phalapi/vendor/phalapi/notorm/src/NotORM/Result.php(237): PDO->prepare('SELECT uid FROM...')
#1 /www/wwwroot/phalapi/vendor/phalapi/notorm/src/NotORM/Result.php(923): NotORM_Result->query('SELECT uid FROM...', Array)
#2 /www/wwwroot/phalapi/vendor/phalapi/notorm/src/NotORM/Result.php(1008): NotORM_Result->execute()
#3 /www/wwwroot/phalapi/vendor/phalapi/kernal/src/Model/DataModel.php(153): NotORM_Result->fetchAll()
#4 /www/wwwroot/phalapi/vendor/phalapi/kernal/src/Model/DataModel.php(133): PhalApi\Model\DataModel->getDataMoreBy('username', '123456', 1, 'uid')
#5 /www/wwwroot/phalapi/vendor/phalapi/kernal/src/Model/DataModel.php(212): PhalApi\Model\DataModel->getDataBy('username', '123456', 'uid', false)
#6 /www/wwwroot/phalapi/src/app/Domain/User/User.php(18): PhalApi\Model\DataModel->__call('getDataByUserna...', Array)
#7 /www/wwwroot/phalapi/src/app/Api/User/User.php(71): App\Domain\User\User->getUserByUsername('123456', 'uid')
#8 [internal function]: App\Api\User\User->login()
#9 /www/wwwroot/phalapi/vendor/phalapi/kernal/src/PhalApi.php(53): call_user_func(Array)
#10 /www/wwwroot/phalapi/public/index.php(9): PhalApi\PhalApi->response()
#11 {main}
2024-03-01 12:26:50|ERROR|App.User_User.Login|PDOException: SQLSTATE[42S22]: Column not found: 1054 Unknown column 'uid' in 'field list' in /www/wwwroot/phalapi/vendor/phalapi/notorm/src/NotORM/Result.php:237
Stack trace:
#0 /www/wwwroot/phalapi/vendor/phalapi/notorm/src/NotORM/Result.php(237): PDO->prepare('SELECT uid FROM...')
#1 /www/wwwroot/phalapi/vendor/phalapi/notorm/src/NotORM/Result.php(923): NotORM_Result->query('SELECT uid FROM...', Array)
#2 /www/wwwroot/phalapi/vendor/phalapi/notorm/src/NotORM/Result.php(1008): NotORM_Result->execute()
#3 /www/wwwroot/phalapi/vendor/phalapi/kernal/src/Model/DataModel.php(153): NotORM_Result->fetchAll()
#4 /www/wwwroot/phalapi/vendor/phalapi/kernal/src/Model/DataModel.php(133): PhalApi\Model\DataModel->getDataMoreBy('username', '123456', 1, 'uid')
#5 /www/wwwroot/phalapi/vendor/phalapi/kernal/src/Model/DataModel.php(212): PhalApi\Model\DataModel->getDataBy('username', '123456', 'uid', false)
#6 /www/wwwroot/phalapi/src/app/Domain/User/User.php(18): PhalApi\Model\DataModel->__call('getDataByUserna...', Array)
#7 /www/wwwroot/phalapi/src/app/Api/User/User.php(71): App\Domain\User\User->getUserByUsername('123456', 'uid')
#8 [internal function]: App\Api\User\User->login()
#9 /www/wwwroot/phalapi/vendor/phalapi/kernal/src/PhalApi.php(53): call_user_func(Array)
#10 /www/wwwroot/phalapi/public/index.php(9): PhalApi\PhalApi->response()
#11 {main}
2024-03-01 12:27:50|ERROR|App.User_User.Login|PDOException: SQLSTATE[42S22]: Column not found: 1054 Unknown column 'uid' in 'field list' in /www/wwwroot/phalapi/vendor/phalapi/notorm/src/NotORM/Result.php:237
Stack trace:
#0 /www/wwwroot/phalapi/vendor/phalapi/notorm/src/NotORM/Result.php(237): PDO->prepare('SELECT uid FROM...')
#1 /www/wwwroot/phalapi/vendor/phalapi/notorm/src/NotORM/Result.php(923): NotORM_Result->query('SELECT uid FROM...', Array)
#2 /www/wwwroot/phalapi/vendor/phalapi/notorm/src/NotORM/Result.php(1008): NotORM_Result->execute()
#3 /www/wwwroot/phalapi/vendor/phalapi/kernal/src/Model/DataModel.php(153): NotORM_Result->fetchAll()
#4 /www/wwwroot/phalapi/vendor/phalapi/kernal/src/Model/DataModel.php(133): PhalApi\Model\DataModel->getDataMoreBy('username', '123456', 1, 'uid')
#5 /www/wwwroot/phalapi/vendor/phalapi/kernal/src/Model/DataModel.php(212): PhalApi\Model\DataModel->getDataBy('username', '123456', 'uid', false)
#6 /www/wwwroot/phalapi/src/app/Domain/User/User.php(18): PhalApi\Model\DataModel->__call('getDataByUserna...', Array)
#7 /www/wwwroot/phalapi/src/app/Api/User/User.php(71): App\Domain\User\User->getUserByUsername('123456', 'uid')
#8 [internal function]: App\Api\User\User->login()
#9 /www/wwwroot/phalapi/vendor/phalapi/kernal/src/PhalApi.php(53): call_user_func(Array)
#10 /www/wwwroot/phalapi/public/index.php(9): PhalApi\PhalApi->response()
#11 {main}
2024-03-01 12:28:53|SQL|[#1 - 0.29ms - SQL]/www/wwwroot/phalapi/vendor/phalapi/kernal/src/Model/DataModel.php(133):    PhalApi\Model\DataModel::getDataMoreBy()    phalapi.phalapi_userinfo    SELECT id FROM phalapi_userinfo WHERE (username = '123456') LIMIT 0,1;|{"request":{"service":"App.User_User.Login"}}
2024-03-01 12:29:02|SQL|[#1 - 0.34ms - SQL]/www/wwwroot/phalapi/vendor/phalapi/kernal/src/Model/DataModel.php(133):    PhalApi\Model\DataModel::getDataMoreBy()    phalapi.phalapi_userinfo    SELECT id FROM phalapi_userinfo WHERE (username = '123456') LIMIT 0,1;|{"request":{"service":"App.User_User.Login"}}
2024-03-01 12:29:46|SQL|[#1 - 0.35ms - SQL]/www/wwwroot/phalapi/vendor/phalapi/kernal/src/Model/DataModel.php(133):    PhalApi\Model\DataModel::getDataMoreBy()    phalapi.phalapi_userinfo    SELECT id FROM phalapi_userinfo WHERE (username = '123456') LIMIT 0,1;|{"request":{"service":"App.User_User.Login"}}
2024-03-01 12:30:06|SQL|[#1 - 0.28ms - SQL]/www/wwwroot/phalapi/vendor/phalapi/kernal/src/Model/DataModel.php(133):    PhalApi\Model\DataModel::getDataMoreBy()    phalapi.phalapi_userinfo    SELECT id FROM phalapi_userinfo WHERE (username = '123456') LIMIT 0,1;|{"request":{"service":"App.User_User.Login"}}
2024-03-01 12:30:09|SQL|[#1 - 0.28ms - SQL]/www/wwwroot/phalapi/vendor/phalapi/kernal/src/Model/DataModel.php(133):    PhalApi\Model\DataModel::getDataMoreBy()    phalapi.phalapi_userinfo    SELECT id FROM phalapi_userinfo WHERE (username = '123456') LIMIT 0,1;|{"request":{"service":"App.User_User.Login"}}
2024-03-01 12:36:29|SQL|[#1 - 0.27ms - SQL]/www/wwwroot/phalapi/vendor/phalapi/kernal/src/Model/DataModel.php(133):    PhalApi\Model\DataModel::getDataMoreBy()    phalapi.phalapi_userinfo    SELECT id FROM phalapi_userinfo WHERE (username = '123456') LIMIT 0,1;|{"request":{"service":"App.User_User.Login"}}
2024-03-01 12:36:36|SQL|[#1 - 0.26ms - SQL]/www/wwwroot/phalapi/vendor/phalapi/kernal/src/Model/DataModel.php(133):    PhalApi\Model\DataModel::getDataMoreBy()    phalapi.phalapi_userinfo    SELECT id FROM phalapi_userinfo WHERE (username = '123456') LIMIT 0,1;|{"request":{"service":"App.User_User.Login"}}
2024-03-01 12:37:03|SQL|[#1 - 0.24ms - SQL]/www/wwwroot/phalapi/vendor/phalapi/kernal/src/Model/DataModel.php(133):    PhalApi\Model\DataModel::getDataMoreBy()    phalapi.phalapi_userinfo    SELECT id FROM phalapi_userinfo WHERE (username = '123456') LIMIT 0,1;|{"request":{"service":"App.User_User.Login"}}
2024-03-01 12:38:52|SQL|[#1 - 0.32ms - SQL]/www/wwwroot/phalapi/vendor/phalapi/kernal/src/Model/DataModel.php(133):    PhalApi\Model\DataModel::getDataMoreBy()    phalapi.phalapi_userinfo    SELECT id FROM phalapi_userinfo WHERE (username = '123456') LIMIT 0,1;|{"request":{"service":"App.User_User.Login"}}
2024-03-01 12:39:01|SQL|[#1 - 0.24ms - SQL]/www/wwwroot/phalapi/vendor/phalapi/kernal/src/Model/DataModel.php(133):    PhalApi\Model\DataModel::getDataMoreBy()    phalapi.phalapi_userinfo    SELECT id FROM phalapi_userinfo WHERE (username = '123456') LIMIT 0,1;|{"request":{"service":"App.User_User.Login"}}
2024-03-01 12:39:16|SQL|[#1 - 0.25ms - SQL]/www/wwwroot/phalapi/vendor/phalapi/kernal/src/Model/DataModel.php(133):    PhalApi\Model\DataModel::getDataMoreBy()    phalapi.phalapi_userinfo    SELECT id FROM phalapi_userinfo WHERE (username = '123456') LIMIT 0,1;|{"request":{"service":"App.User_User.Login"}}
2024-03-01 12:42:20|SQL|[#1 - 0.28ms - SQL]/www/wwwroot/phalapi/vendor/phalapi/kernal/src/Model/DataModel.php(133):    PhalApi\Model\DataModel::getDataMoreBy()    phalapi.phalapi_userinfo    SELECT id FROM phalapi_userinfo WHERE (username = '123456') LIMIT 0,1;|{"request":{"service":"App.User_User.Login"}}
2024-03-01 12:42:22|SQL|[#1 - 0.25ms - SQL]/www/wwwroot/phalapi/vendor/phalapi/kernal/src/Model/DataModel.php(133):    PhalApi\Model\DataModel::getDataMoreBy()    phalapi.phalapi_userinfo    SELECT id FROM phalapi_userinfo WHERE (username = '123456') LIMIT 0,1;|{"request":{"service":"App.User_User.Login"}}
2024-03-01 12:42:42|SQL|[#1 - 0.25ms - SQL]/www/wwwroot/phalapi/vendor/phalapi/kernal/src/Model/DataModel.php(133):    PhalApi\Model\DataModel::getDataMoreBy()    phalapi.phalapi_userinfo    SELECT id FROM phalapi_userinfo WHERE (username = '123456') LIMIT 0,1;|{"request":{"service":"App.User_User.Login"}}
2024-03-01 12:44:09|SQL|[#1 - 0.28ms - SQL]/www/wwwroot/phalapi/vendor/phalapi/kernal/src/Model/DataModel.php(133):    PhalApi\Model\DataModel::getDataMoreBy()    phalapi.phalapi_userinfo    SELECT id FROM phalapi_userinfo WHERE (username = '123123') LIMIT 0,1;|{"request":{"service":"App.User_User.Register"}}
2024-03-01 12:44:09|SQL|[#2 - 77.32ms - SQL]/www/wwwroot/phalapi/src/app/Domain/User/User.php(37):    PhalApi\Model\DataModel::insert()    phalapi.phalapi_userinfo    INSERT  INTO phalapi_userinfo (`portrait`, `utel`, `username`, `salt`, `upwd`, `utime`) VALUES ('123123', '123123', '123123', 'ud05B7jjXdObLupyHmT3AEktbw9rYt5r', '63e79f6a28c55b62ec8d3e02c7bc19ba', 1709268249);|{"request":{"service":"App.User_User.Register"}}
2024-03-01 12:44:24|SQL|[#1 - 0.27ms - SQL]/www/wwwroot/phalapi/vendor/phalapi/kernal/src/Model/DataModel.php(133):    PhalApi\Model\DataModel::getDataMoreBy()    phalapi.phalapi_userinfo    SELECT id FROM phalapi_userinfo WHERE (username = '123123') LIMIT 0,1;|{"request":{"service":"App.User_User.Login"}}
2024-03-01 12:44:55|SQL|[#1 - 0.28ms - SQL]/www/wwwroot/phalapi/vendor/phalapi/kernal/src/Model/DataModel.php(133):    PhalApi\Model\DataModel::getDataMoreBy()    phalapi.phalapi_userinfo    SELECT id FROM phalapi_userinfo WHERE (username = '123123') LIMIT 0,1;|{"request":{"service":"App.User_User.Login"}}
2024-03-01 12:45:16|SQL|[#1 - 0.27ms - SQL]/www/wwwroot/phalapi/vendor/phalapi/kernal/src/Model/DataModel.php(133):    PhalApi\Model\DataModel::getDataMoreBy()    phalapi.phalapi_userinfo    SELECT id FROM phalapi_userinfo WHERE (username = '123123') LIMIT 0,1;|{"request":{"service":"App.User_User.Login"}}
2024-03-01 12:46:58|SQL|[#1 - 0.32ms - SQL]/www/wwwroot/phalapi/vendor/phalapi/kernal/src/Model/DataModel.php(133):    PhalApi\Model\DataModel::getDataMoreBy()    phalapi.phalapi_userinfo    SELECT id FROM phalapi_userinfo WHERE (username = '123123') LIMIT 0,1;|{"request":{"service":"App.User_User.Login"}}
2024-03-01 12:46:58|SQL|[#2 - 0.29ms - SQL]/www/wwwroot/phalapi/vendor/phalapi/kernal/src/Model/DataModel.php(133):    PhalApi\Model\DataModel::getDataMoreBy()    phalapi.phalapi_userinfo    SELECT * FROM phalapi_userinfo WHERE (username = '123123') LIMIT 0,1;|{"request":{"service":"App.User_User.Login"}}
2024-03-01 12:47:13|SQL|[#1 - 0.33ms - SQL]/www/wwwroot/phalapi/vendor/phalapi/kernal/src/Model/DataModel.php(133):    PhalApi\Model\DataModel::getDataMoreBy()    phalapi.phalapi_userinfo    SELECT id FROM phalapi_userinfo WHERE (username = '123123') LIMIT 0,1;|{"request":{"service":"App.User_User.Login"}}
2024-03-01 12:47:13|SQL|[#2 - 0.25ms - SQL]/www/wwwroot/phalapi/vendor/phalapi/kernal/src/Model/DataModel.php(133):    PhalApi\Model\DataModel::getDataMoreBy()    phalapi.phalapi_userinfo    SELECT * FROM phalapi_userinfo WHERE (username = '123123') LIMIT 0,1;|{"request":{"service":"App.User_User.Login"}}
2024-03-01 12:47:13|SQL|[#3 - 81.88ms - SQL]/www/wwwroot/phalapi/src/app/Api/User/User.php(80):    App\Domain\User\UserSession::generate()    phalapi.phalapi_user_session    INSERT  INTO phalapi_user_session (`user_id`, `token`, `client`, `times`, `login_time`, `expires_time`) VALUES (1181, '6FD7CCEBB2ADC56672F153B0309D99FA273D8A864FD9A2E4D598683B8FBAD79F', '', 1, 1709268433, 1711860433);|{"request":{"service":"App.User_User.Login"}}
2024-03-01 12:47:34|SQL|[#1 - 0.29ms - SQL]/www/wwwroot/phalapi/src/app/Domain/User/UserSession.php(42):    App\Model\User\UserSession::getExpiresTime()    phalapi.phalapi_user_session    SELECT expires_time FROM phalapi_user_session WHERE (user_id = 1181) AND (token = '6FD7CCEBB2ADC56672F153B0309D99FA273D8A864FD9A2E4D598683B8FBAD79F');|{"request":{"service":"App.User_User.Profile"}}
2024-03-01 12:47:34|SQL|[#2 - 0.21ms - SQL]/www/wwwroot/phalapi/src/app/Common/User/User.php(34):    App\Domain\User\User::getUserInfo()    phalapi.phalapi_userinfo    SELECT id,username,nickname,utime,portrait,utel FROM phalapi_userinfo WHERE (id = 1181);|{"request":{"service":"App.User_User.Profile"}}
2024-03-01 12:48:52|SQL|[#1 - 0.35ms - SQL]/www/wwwroot/phalapi/src/portal/Domain/Menu.php(11):    Portal\Model\Menu::getAllMenus()    phalapi.phalapi_portal_menu    SELECT * FROM phalapi_portal_menu ORDER BY sort_num;|{"request":{"service":"Portal.Page.StartUp"}}
2024-03-01 12:48:52|SQL|[#1 - 0.21ms - SQL]/www/wwwroot/phalapi/vendor/phalapi/kernal/src/Api/DataApi.php(88):    PhalApi\Model\DataModel::count()    phalapi.phalapi_userinfo    SELECT COUNT(*) FROM phalapi_userinfo;|{"request":{"service":"Portal.User_User.TableList"}}
2024-03-01 12:48:52|SQL|[#2 - 0.18ms - SQL]/www/wwwroot/phalapi/vendor/phalapi/kernal/src/Api/DataApi.php(89):    PhalApi\Model\DataModel::getList()    phalapi.phalapi_userinfo    SELECT id,username,nickname,utime,utel FROM phalapi_userinfo ORDER BY id DESC LIMIT 0,15;|{"request":{"service":"Portal.User_User.TableList"}}
2024-03-01 12:48:53|SQL|[#1 - 0.22ms - SQL]/www/wwwroot/phalapi/src/portal/Api/Page.php(128):    PhalApi\Model\DataModel::count()    phalapi.phalapi_userinfo    SELECT COUNT(*) FROM phalapi_userinfo;|{"request":{"service":"Portal.Page.Welcome"}}
2024-03-01 12:48:53|SQL|[#2 - 0.19ms - SQL]/www/wwwroot/phalapi/src/portal/Domain/Admin.php(92):    Portal\Model\Admin::getTotalNum()    phalapi.phalapi_portal_admin    SELECT COUNT(id) FROM phalapi_portal_admin;|{"request":{"service":"Portal.Page.Welcome"}}
2024-03-01 12:48:53|SQL|[#1 - 0.25ms - SQL]/www/wwwroot/phalapi/src/portal/Api/User/User.php(93):    Portal\Model\User\User::getUserRegisterStat()    phalapi.phalapi_userinfo    SELECT count(*) as reg_total, FROM_UNIXTIME(utime, '%Y-%m-%d') as reg_date FROM phalapi_userinfo WHERE (utime > ?) GROUP BY FROM_UNIXTIME(utime, '%Y-%m-%d') ORDER BY reg_date; -- 1706630400|{"request":{"service":"Portal.User_User.GetUserRegisterStat"}}
2024-03-01 12:48:59|SQL|[#1 - 0.23ms - SQL]/www/wwwroot/phalapi/src/portal/Api/Admin.php(53):    Portal\Api\Admin::checkLogin()    phalapi.portal    show tables like '%phalapi_portal_admin';|{"request":{"service":"Portal.Admin.CheckLogin"}}
2024-03-01 12:49:02|SQL|[#1 - 0.32ms - SQL]/www/wwwroot/phalapi/src/portal/Domain/Admin.php(17):    Portal\Model\Admin::getByUsername()    phalapi.phalapi_portal_admin    SELECT * FROM phalapi_portal_admin WHERE (username = 'admin') LIMIT 1;|{"request":{"service":"Portal.Admin.Login"}}
2024-03-01 12:49:03|SQL|[#1 - 0.38ms - SQL]/www/wwwroot/phalapi/src/portal/Domain/Menu.php(11):    Portal\Model\Menu::getAllMenus()    phalapi.phalapi_portal_menu    SELECT * FROM phalapi_portal_menu ORDER BY sort_num;|{"request":{"service":"Portal.Page.StartUp"}}
2024-03-01 12:49:05|SQL|[#1 - 0.25ms - SQL]/www/wwwroot/phalapi/src/portal/Api/Page.php(128):    PhalApi\Model\DataModel::count()    phalapi.phalapi_userinfo    SELECT COUNT(*) FROM phalapi_userinfo;|{"request":{"service":"Portal.Page.Welcome"}}
2024-03-01 12:49:05|SQL|[#2 - 0.14ms - SQL]/www/wwwroot/phalapi/src/portal/Domain/Admin.php(92):    Portal\Model\Admin::getTotalNum()    phalapi.phalapi_portal_admin    SELECT COUNT(id) FROM phalapi_portal_admin;|{"request":{"service":"Portal.Page.Welcome"}}
2024-03-01 12:49:05|SQL|[#1 - 0.33ms - SQL]/www/wwwroot/phalapi/src/portal/Api/User/User.php(93):    Portal\Model\User\User::getUserRegisterStat()    phalapi.phalapi_userinfo    SELECT count(*) as reg_total, FROM_UNIXTIME(utime, '%Y-%m-%d') as reg_date FROM phalapi_userinfo WHERE (utime > ?) GROUP BY FROM_UNIXTIME(utime, '%Y-%m-%d') ORDER BY reg_date; -- 1706630400|{"request":{"service":"Portal.User_User.GetUserRegisterStat"}}
2024-03-01 12:49:21|SQL|[#1 - 0.33ms - SQL]/www/wwwroot/phalapi/src/portal/Api/User/User.php(93):    Portal\Model\User\User::getUserRegisterStat()    phalapi.phalapi_userinfo    SELECT count(*) as reg_total, FROM_UNIXTIME(utime, '%Y-%m-%d') as reg_date FROM phalapi_userinfo WHERE (utime > ?) GROUP BY FROM_UNIXTIME(utime, '%Y-%m-%d') ORDER BY reg_date; -- 1706630400|{"request":{"service":"Portal.User_User.GetUserRegisterStat"}}
2024-03-01 12:49:21|SQL|[#1 - 0.16ms - SQL]/www/wwwroot/phalapi/src/portal/Api/Page.php(128):    PhalApi\Model\DataModel::count()    phalapi.phalapi_userinfo    SELECT COUNT(*) FROM phalapi_userinfo;|{"request":{"service":"Portal.Page.Welcome"}}
2024-03-01 12:49:21|SQL|[#2 - 0.15ms - SQL]/www/wwwroot/phalapi/src/portal/Domain/Admin.php(92):    Portal\Model\Admin::getTotalNum()    phalapi.phalapi_portal_admin    SELECT COUNT(id) FROM phalapi_portal_admin;|{"request":{"service":"Portal.Page.Welcome"}}
2024-03-01 12:49:24|SQL|[#1 - 0.39ms - SQL]/www/wwwroot/phalapi/src/portal/Domain/Menu.php(64):    Portal\Model\Menu::listAllMenus()    phalapi.phalapi_portal_menu    SELECT id, id as authorityId, title as authorityName, sort_num as orderNumber, parent_id as parentId, icon as menuIcon, href as menuUrl, assign_admin_roles, assgin_admin_usernames FROM phalapi_portal_menu ORDER BY parent_id, sort_num;|{"request":{"service":"Portal.Page.Menu"}}
2024-03-01 12:49:37|SQL|[#1 - 0.37ms - SQL]/www/wwwroot/phalapi/src/portal/Api/Page.php(108):    Portal\Domain\Menu::getMenu()    phalapi.phalapi_portal_menu    SELECT * FROM phalapi_portal_menu WHERE (id = 2);|{"request":{"service":"Portal.Page.GetMenu"}}
2024-03-01 12:49:37|SQL|[#2 - 0.22ms - SQL]/www/wwwroot/phalapi/src/portal/Domain/Admin.php(87):    PhalApi\Model\DataModel::getList()    phalapi.phalapi_portal_admin_role    SELECT * FROM phalapi_portal_admin_role LIMIT 0,100;|{"request":{"service":"Portal.Page.GetMenu"}}
2024-03-01 12:49:55|SQL|[#1 - 0.27ms - SQL]/www/wwwroot/phalapi/src/portal/Api/Page.php(108):    Portal\Domain\Menu::getMenu()    phalapi.phalapi_portal_menu    SELECT * FROM phalapi_portal_menu WHERE (id = 101);|{"request":{"service":"Portal.Page.GetMenu"}}
2024-03-01 12:49:55|SQL|[#2 - 0.22ms - SQL]/www/wwwroot/phalapi/src/portal/Domain/Admin.php(87):    PhalApi\Model\DataModel::getList()    phalapi.phalapi_portal_admin_role    SELECT * FROM phalapi_portal_admin_role LIMIT 0,100;|{"request":{"service":"Portal.Page.GetMenu"}}
2024-03-01 12:50:01|SQL|[#1 - 0.26ms - SQL]/www/wwwroot/phalapi/src/portal/Api/Page.php(108):    Portal\Domain\Menu::getMenu()    phalapi.phalapi_portal_menu    SELECT * FROM phalapi_portal_menu WHERE (id = 25);|{"request":{"service":"Portal.Page.GetMenu"}}
2024-03-01 12:50:01|SQL|[#2 - 0.19ms - SQL]/www/wwwroot/phalapi/src/portal/Domain/Admin.php(87):    PhalApi\Model\DataModel::getList()    phalapi.phalapi_portal_admin_role    SELECT * FROM phalapi_portal_admin_role LIMIT 0,100;|{"request":{"service":"Portal.Page.GetMenu"}}
2024-03-01 12:50:07|SQL|[#1 - 0.27ms - SQL]/www/wwwroot/phalapi/src/portal/Api/Page.php(108):    Portal\Domain\Menu::getMenu()    phalapi.phalapi_portal_menu    SELECT * FROM phalapi_portal_menu WHERE (id = 101);|{"request":{"service":"Portal.Page.GetMenu"}}
2024-03-01 12:50:07|SQL|[#2 - 0.21ms - SQL]/www/wwwroot/phalapi/src/portal/Domain/Admin.php(87):    PhalApi\Model\DataModel::getList()    phalapi.phalapi_portal_admin_role    SELECT * FROM phalapi_portal_admin_role LIMIT 0,100;|{"request":{"service":"Portal.Page.GetMenu"}}
2024-03-01 12:50:20|SQL|[#1 - 0.28ms - SQL]/www/wwwroot/phalapi/src/portal/Api/Page.php(108):    Portal\Domain\Menu::getMenu()    phalapi.phalapi_portal_menu    SELECT * FROM phalapi_portal_menu WHERE (id = 101);|{"request":{"service":"Portal.Page.GetMenu"}}
2024-03-01 12:50:20|SQL|[#2 - 0.23ms - SQL]/www/wwwroot/phalapi/src/portal/Domain/Admin.php(87):    PhalApi\Model\DataModel::getList()    phalapi.phalapi_portal_admin_role    SELECT * FROM phalapi_portal_admin_role LIMIT 0,100;|{"request":{"service":"Portal.Page.GetMenu"}}
2024-03-01 12:50:23|SQL|[#1 - 56.37ms - SQL]/www/wwwroot/phalapi/src/portal/Api/Page.php(117):    Portal\Domain\Menu::updateMenu()    phalapi.phalapi_portal_menu    UPDATE phalapi_portal_menu SET `title` = '首页', `href` = 'page/welcome-1.html', `sort_num` = 5, `assign_admin_roles` = 'super', `assgin_admin_usernames` = '' WHERE (id = 101);|{"request":{"service":"Portal.Page.UpdateMenu"}}
2024-03-01 12:50:26|SQL|[#1 - 0.31ms - SQL]/www/wwwroot/phalapi/src/portal/Api/Page.php(108):    Portal\Domain\Menu::getMenu()    phalapi.phalapi_portal_menu    SELECT * FROM phalapi_portal_menu WHERE (id = 25);|{"request":{"service":"Portal.Page.GetMenu"}}
2024-03-01 12:50:26|SQL|[#2 - 0.21ms - SQL]/www/wwwroot/phalapi/src/portal/Domain/Admin.php(87):    PhalApi\Model\DataModel::getList()    phalapi.phalapi_portal_admin_role    SELECT * FROM phalapi_portal_admin_role LIMIT 0,100;|{"request":{"service":"Portal.Page.GetMenu"}}
2024-03-01 12:50:29|SQL|[#1 - 63.17ms - SQL]/www/wwwroot/phalapi/src/portal/Api/Page.php(117):    Portal\Domain\Menu::updateMenu()    phalapi.phalapi_portal_menu    UPDATE phalapi_portal_menu SET `title` = '用户', `href` = 'page/phalapi-user/index.html', `sort_num` = 1, `assign_admin_roles` = 'super', `assgin_admin_usernames` = '' WHERE (id = 25);|{"request":{"service":"Portal.Page.UpdateMenu"}}
2024-03-01 12:50:32|SQL|[#1 - 0.44ms - SQL]/www/wwwroot/phalapi/src/portal/Domain/Menu.php(11):    Portal\Model\Menu::getAllMenus()    phalapi.phalapi_portal_menu    SELECT * FROM phalapi_portal_menu ORDER BY sort_num;|{"request":{"service":"Portal.Page.StartUp"}}
2024-03-01 12:50:33|SQL|[#1 - 0.29ms - SQL]/www/wwwroot/phalapi/src/portal/Api/Page.php(128):    PhalApi\Model\DataModel::count()    phalapi.phalapi_userinfo    SELECT COUNT(*) FROM phalapi_userinfo;|{"request":{"service":"Portal.Page.Welcome"}}
2024-03-01 12:50:33|SQL|[#2 - 0.13ms - SQL]/www/wwwroot/phalapi/src/portal/Domain/Admin.php(92):    Portal\Model\Admin::getTotalNum()    phalapi.phalapi_portal_admin    SELECT COUNT(id) FROM phalapi_portal_admin;|{"request":{"service":"Portal.Page.Welcome"}}
2024-03-01 12:50:33|SQL|[#1 - 0.32ms - SQL]/www/wwwroot/phalapi/src/portal/Api/User/User.php(93):    Portal\Model\User\User::getUserRegisterStat()    phalapi.phalapi_userinfo    SELECT count(*) as reg_total, FROM_UNIXTIME(utime, '%Y-%m-%d') as reg_date FROM phalapi_userinfo WHERE (utime > ?) GROUP BY FROM_UNIXTIME(utime, '%Y-%m-%d') ORDER BY reg_date; -- 1706630400|{"request":{"service":"Portal.User_User.GetUserRegisterStat"}}
2024-03-01 12:50:33|SQL|[#1 - 0.4ms - SQL]/www/wwwroot/phalapi/src/portal/Domain/Menu.php(64):    Portal\Model\Menu::listAllMenus()    phalapi.phalapi_portal_menu    SELECT id, id as authorityId, title as authorityName, sort_num as orderNumber, parent_id as parentId, icon as menuIcon, href as menuUrl, assign_admin_roles, assgin_admin_usernames FROM phalapi_portal_menu ORDER BY parent_id, sort_num;|{"request":{"service":"Portal.Page.Menu"}}
2024-03-01 12:50:40|SQL|[#1 - 0.4ms - SQL]/www/wwwroot/phalapi/src/portal/Domain/Menu.php(11):    Portal\Model\Menu::getAllMenus()    phalapi.phalapi_portal_menu    SELECT * FROM phalapi_portal_menu ORDER BY sort_num;|{"request":{"service":"Portal.Page.StartUp"}}
2024-03-01 12:50:41|SQL|[#1 - 0.3ms - SQL]/www/wwwroot/phalapi/src/portal/Api/Page.php(128):    PhalApi\Model\DataModel::count()    phalapi.phalapi_userinfo    SELECT COUNT(*) FROM phalapi_userinfo;|{"request":{"service":"Portal.Page.Welcome"}}
2024-03-01 12:50:41|SQL|[#2 - 0.14ms - SQL]/www/wwwroot/phalapi/src/portal/Domain/Admin.php(92):    Portal\Model\Admin::getTotalNum()    phalapi.phalapi_portal_admin    SELECT COUNT(id) FROM phalapi_portal_admin;|{"request":{"service":"Portal.Page.Welcome"}}
2024-03-01 12:50:41|SQL|[#1 - 0.33ms - SQL]/www/wwwroot/phalapi/src/portal/Api/User/User.php(93):    Portal\Model\User\User::getUserRegisterStat()    phalapi.phalapi_userinfo    SELECT count(*) as reg_total, FROM_UNIXTIME(utime, '%Y-%m-%d') as reg_date FROM phalapi_userinfo WHERE (utime > ?) GROUP BY FROM_UNIXTIME(utime, '%Y-%m-%d') ORDER BY reg_date; -- 1706630400|{"request":{"service":"Portal.User_User.GetUserRegisterStat"}}
2024-03-01 12:50:49|SQL|[#1 - 0.34ms - SQL]/www/wwwroot/phalapi/src/portal/Domain/Menu.php(64):    Portal\Model\Menu::listAllMenus()    phalapi.phalapi_portal_menu    SELECT id, id as authorityId, title as authorityName, sort_num as orderNumber, parent_id as parentId, icon as menuIcon, href as menuUrl, assign_admin_roles, assgin_admin_usernames FROM phalapi_portal_menu ORDER BY parent_id, sort_num;|{"request":{"service":"Portal.Page.Menu"}}
2024-03-01 12:50:51|SQL|[#1 - 0.31ms - SQL]/www/wwwroot/phalapi/src/portal/Api/Page.php(108):    Portal\Domain\Menu::getMenu()    phalapi.phalapi_portal_menu    SELECT * FROM phalapi_portal_menu WHERE (id = 1);|{"request":{"service":"Portal.Page.GetMenu"}}
2024-03-01 12:50:51|SQL|[#2 - 0.27ms - SQL]/www/wwwroot/phalapi/src/portal/Domain/Admin.php(87):    PhalApi\Model\DataModel::getList()    phalapi.phalapi_portal_admin_role    SELECT * FROM phalapi_portal_admin_role LIMIT 0,100;|{"request":{"service":"Portal.Page.GetMenu"}}
2024-03-01 12:51:22|SQL|[#1 - 0.25ms - SQL]/www/wwwroot/phalapi/src/portal/Api/Page.php(108):    Portal\Domain\Menu::getMenu()    phalapi.phalapi_portal_menu    SELECT * FROM phalapi_portal_menu WHERE (id = 2);|{"request":{"service":"Portal.Page.GetMenu"}}
2024-03-01 12:51:22|SQL|[#2 - 0.16ms - SQL]/www/wwwroot/phalapi/src/portal/Domain/Admin.php(87):    PhalApi\Model\DataModel::getList()    phalapi.phalapi_portal_admin_role    SELECT * FROM phalapi_portal_admin_role LIMIT 0,100;|{"request":{"service":"Portal.Page.GetMenu"}}
2024-03-01 12:54:27|SQL|[#1 - 0.3ms - SQL]/www/wwwroot/phalapi/src/portal/Api/Page.php(108):    Portal\Domain\Menu::getMenu()    phalapi.phalapi_portal_menu    SELECT * FROM phalapi_portal_menu WHERE (id = 101);|{"request":{"service":"Portal.Page.GetMenu"}}
2024-03-01 12:54:27|SQL|[#2 - 0.15ms - SQL]/www/wwwroot/phalapi/src/portal/Domain/Admin.php(87):    PhalApi\Model\DataModel::getList()    phalapi.phalapi_portal_admin_role    SELECT * FROM phalapi_portal_admin_role LIMIT 0,100;|{"request":{"service":"Portal.Page.GetMenu"}}
2024-03-01 12:54:42|SQL|[#1 - 55.3ms - SQL]/www/wwwroot/phalapi/src/portal/Api/Page.php(117):    Portal\Domain\Menu::updateMenu()    phalapi.phalapi_portal_menu    UPDATE phalapi_portal_menu SET `title` = '仪表盘', `href` = 'page/welcome-1.html', `sort_num` = 5, `assign_admin_roles` = 'super', `assgin_admin_usernames` = '' WHERE (id = 101);|{"request":{"service":"Portal.Page.UpdateMenu"}}
2024-03-01 12:54:44|SQL|[#1 - 0.33ms - SQL]/www/wwwroot/phalapi/src/portal/Domain/Menu.php(11):    Portal\Model\Menu::getAllMenus()    phalapi.phalapi_portal_menu    SELECT * FROM phalapi_portal_menu ORDER BY sort_num;|{"request":{"service":"Portal.Page.StartUp"}}
2024-03-01 12:54:46|SQL|[#1 - 0.41ms - SQL]/www/wwwroot/phalapi/src/portal/Domain/Menu.php(64):    Portal\Model\Menu::listAllMenus()    phalapi.phalapi_portal_menu    SELECT id, id as authorityId, title as authorityName, sort_num as orderNumber, parent_id as parentId, icon as menuIcon, href as menuUrl, assign_admin_roles, assgin_admin_usernames FROM phalapi_portal_menu ORDER BY parent_id, sort_num;|{"request":{"service":"Portal.Page.Menu"}}
2024-03-01 12:54:47|SQL|[#1 - 0.32ms - SQL]/www/wwwroot/phalapi/src/portal/Api/Page.php(128):    PhalApi\Model\DataModel::count()    phalapi.phalapi_userinfo    SELECT COUNT(*) FROM phalapi_userinfo;|{"request":{"service":"Portal.Page.Welcome"}}
2024-03-01 12:54:47|SQL|[#2 - 0.18ms - SQL]/www/wwwroot/phalapi/src/portal/Domain/Admin.php(92):    Portal\Model\Admin::getTotalNum()    phalapi.phalapi_portal_admin    SELECT COUNT(id) FROM phalapi_portal_admin;|{"request":{"service":"Portal.Page.Welcome"}}
2024-03-01 12:54:47|SQL|[#1 - 0.31ms - SQL]/www/wwwroot/phalapi/src/portal/Api/User/User.php(93):    Portal\Model\User\User::getUserRegisterStat()    phalapi.phalapi_userinfo    SELECT count(*) as reg_total, FROM_UNIXTIME(utime, '%Y-%m-%d') as reg_date FROM phalapi_userinfo WHERE (utime > ?) GROUP BY FROM_UNIXTIME(utime, '%Y-%m-%d') ORDER BY reg_date; -- 1706630400|{"request":{"service":"Portal.User_User.GetUserRegisterStat"}}
2024-03-01 12:54:49|SQL|[#1 - 0.35ms - SQL]/www/wwwroot/phalapi/src/portal/Api/User/User.php(93):    Portal\Model\User\User::getUserRegisterStat()    phalapi.phalapi_userinfo    SELECT count(*) as reg_total, FROM_UNIXTIME(utime, '%Y-%m-%d') as reg_date FROM phalapi_userinfo WHERE (utime > ?) GROUP BY FROM_UNIXTIME(utime, '%Y-%m-%d') ORDER BY reg_date; -- 1706630400|{"request":{"service":"Portal.User_User.GetUserRegisterStat"}}
2024-03-01 12:54:49|SQL|[#1 - 0.16ms - SQL]/www/wwwroot/phalapi/src/portal/Api/Page.php(128):    PhalApi\Model\DataModel::count()    phalapi.phalapi_userinfo    SELECT COUNT(*) FROM phalapi_userinfo;|{"request":{"service":"Portal.Page.Welcome"}}
2024-03-01 12:54:49|SQL|[#2 - 0.12ms - SQL]/www/wwwroot/phalapi/src/portal/Domain/Admin.php(92):    Portal\Model\Admin::getTotalNum()    phalapi.phalapi_portal_admin    SELECT COUNT(id) FROM phalapi_portal_admin;|{"request":{"service":"Portal.Page.Welcome"}}
2024-03-01 12:54:59|SQL|[#1 - 0.37ms - SQL]/www/wwwroot/phalapi/src/portal/Domain/Menu.php(11):    Portal\Model\Menu::getAllMenus()    phalapi.phalapi_portal_menu    SELECT * FROM phalapi_portal_menu ORDER BY sort_num;|{"request":{"service":"Portal.Page.StartUp"}}
2024-03-01 12:55:00|SQL|[#1 - 0.21ms - SQL]/www/wwwroot/phalapi/src/portal/Api/Page.php(128):    PhalApi\Model\DataModel::count()    phalapi.phalapi_userinfo    SELECT COUNT(*) FROM phalapi_userinfo;|{"request":{"service":"Portal.Page.Welcome"}}
2024-03-01 12:55:00|SQL|[#2 - 0.23ms - SQL]/www/wwwroot/phalapi/src/portal/Domain/Admin.php(92):    Portal\Model\Admin::getTotalNum()    phalapi.phalapi_portal_admin    SELECT COUNT(id) FROM phalapi_portal_admin;|{"request":{"service":"Portal.Page.Welcome"}}
2024-03-01 12:55:00|SQL|[#1 - 0.33ms - SQL]/www/wwwroot/phalapi/src/portal/Api/User/User.php(93):    Portal\Model\User\User::getUserRegisterStat()    phalapi.phalapi_userinfo    SELECT count(*) as reg_total, FROM_UNIXTIME(utime, '%Y-%m-%d') as reg_date FROM phalapi_userinfo WHERE (utime > ?) GROUP BY FROM_UNIXTIME(utime, '%Y-%m-%d') ORDER BY reg_date; -- 1706630400|{"request":{"service":"Portal.User_User.GetUserRegisterStat"}}
2024-03-01 12:55:01|SQL|[#1 - 0.4ms - SQL]/www/wwwroot/phalapi/src/portal/Domain/Menu.php(64):    Portal\Model\Menu::listAllMenus()    phalapi.phalapi_portal_menu    SELECT id, id as authorityId, title as authorityName, sort_num as orderNumber, parent_id as parentId, icon as menuIcon, href as menuUrl, assign_admin_roles, assgin_admin_usernames FROM phalapi_portal_menu ORDER BY parent_id, sort_num;|{"request":{"service":"Portal.Page.Menu"}}
2024-03-01 12:55:11|SQL|[#1 - 0.28ms - SQL]/www/wwwroot/phalapi/vendor/phalapi/kernal/src/Api/DataApi.php(88):    PhalApi\Model\DataModel::count()    phalapi.phalapi_userinfo    SELECT COUNT(*) FROM phalapi_userinfo;|{"request":{"service":"Portal.User_User.TableList"}}
2024-03-01 12:55:11|SQL|[#2 - 0.27ms - SQL]/www/wwwroot/phalapi/vendor/phalapi/kernal/src/Api/DataApi.php(89):    PhalApi\Model\DataModel::getList()    phalapi.phalapi_userinfo    SELECT id,username,nickname,utime,utel FROM phalapi_userinfo ORDER BY id DESC LIMIT 0,15;|{"request":{"service":"Portal.User_User.TableList"}}
2024-03-01 12:55:30|SQL|[#1 - 0.37ms - SQL]/www/wwwroot/phalapi/src/portal/Domain/Menu.php(64):    Portal\Model\Menu::listAllMenus()    phalapi.phalapi_portal_menu    SELECT id, id as authorityId, title as authorityName, sort_num as orderNumber, parent_id as parentId, icon as menuIcon, href as menuUrl, assign_admin_roles, assgin_admin_usernames FROM phalapi_portal_menu ORDER BY parent_id, sort_num;|{"request":{"service":"Portal.Page.Menu"}}
2024-03-01 12:55:32|SQL|[#1 - 0.28ms - SQL]/www/wwwroot/phalapi/src/portal/Api/Page.php(108):    Portal\Domain\Menu::getMenu()    phalapi.phalapi_portal_menu    SELECT * FROM phalapi_portal_menu WHERE (id = 25);|{"request":{"service":"Portal.Page.GetMenu"}}
2024-03-01 12:55:32|SQL|[#2 - 0.24ms - SQL]/www/wwwroot/phalapi/src/portal/Domain/Admin.php(87):    PhalApi\Model\DataModel::getList()    phalapi.phalapi_portal_admin_role    SELECT * FROM phalapi_portal_admin_role LIMIT 0,100;|{"request":{"service":"Portal.Page.GetMenu"}}
2024-03-01 12:55:38|SQL|[#1 - 73.27ms - SQL]/www/wwwroot/phalapi/src/portal/Api/Page.php(117):    Portal\Domain\Menu::updateMenu()    phalapi.phalapi_portal_menu    UPDATE phalapi_portal_menu SET `title` = '会员管理', `href` = 'page/phalapi-user/index.html', `sort_num` = 1, `assign_admin_roles` = 'super', `assgin_admin_usernames` = '' WHERE (id = 25);|{"request":{"service":"Portal.Page.UpdateMenu"}}
2024-03-01 12:55:44|SQL|[#1 - 0.32ms - SQL]/www/wwwroot/phalapi/src/portal/Domain/Menu.php(11):    Portal\Model\Menu::getAllMenus()    phalapi.phalapi_portal_menu    SELECT * FROM phalapi_portal_menu ORDER BY sort_num;|{"request":{"service":"Portal.Page.StartUp"}}
2024-03-01 12:55:46|SQL|[#1 - 0.23ms - SQL]/www/wwwroot/phalapi/src/portal/Api/Page.php(128):    PhalApi\Model\DataModel::count()    phalapi.phalapi_userinfo    SELECT COUNT(*) FROM phalapi_userinfo;|{"request":{"service":"Portal.Page.Welcome"}}
2024-03-01 12:55:46|SQL|[#2 - 0.25ms - SQL]/www/wwwroot/phalapi/src/portal/Domain/Admin.php(92):    Portal\Model\Admin::getTotalNum()    phalapi.phalapi_portal_admin    SELECT COUNT(id) FROM phalapi_portal_admin;|{"request":{"service":"Portal.Page.Welcome"}}
2024-03-01 12:55:46|SQL|[#1 - 0.29ms - SQL]/www/wwwroot/phalapi/src/portal/Api/User/User.php(93):    Portal\Model\User\User::getUserRegisterStat()    phalapi.phalapi_userinfo    SELECT count(*) as reg_total, FROM_UNIXTIME(utime, '%Y-%m-%d') as reg_date FROM phalapi_userinfo WHERE (utime > ?) GROUP BY FROM_UNIXTIME(utime, '%Y-%m-%d') ORDER BY reg_date; -- 1706630400|{"request":{"service":"Portal.User_User.GetUserRegisterStat"}}
2024-03-01 12:55:46|SQL|[#1 - 0.42ms - SQL]/www/wwwroot/phalapi/src/portal/Domain/Menu.php(64):    Portal\Model\Menu::listAllMenus()    phalapi.phalapi_portal_menu    SELECT id, id as authorityId, title as authorityName, sort_num as orderNumber, parent_id as parentId, icon as menuIcon, href as menuUrl, assign_admin_roles, assgin_admin_usernames FROM phalapi_portal_menu ORDER BY parent_id, sort_num;|{"request":{"service":"Portal.Page.Menu"}}
2024-03-01 12:55:52|SQL|[#1 - 0.31ms - SQL]/www/wwwroot/phalapi/src/portal/Api/Page.php(108):    Portal\Domain\Menu::getMenu()    phalapi.phalapi_portal_menu    SELECT * FROM phalapi_portal_menu WHERE (id = 24);|{"request":{"service":"Portal.Page.GetMenu"}}
2024-03-01 12:55:52|SQL|[#2 - 0.21ms - SQL]/www/wwwroot/phalapi/src/portal/Domain/Admin.php(87):    PhalApi\Model\DataModel::getList()    phalapi.phalapi_portal_admin_role    SELECT * FROM phalapi_portal_admin_role LIMIT 0,100;|{"request":{"service":"Portal.Page.GetMenu"}}
2024-03-01 12:55:57|SQL|[#1 - 62.93ms - SQL]/www/wwwroot/phalapi/src/portal/Api/Page.php(117):    Portal\Domain\Menu::updateMenu()    phalapi.phalapi_portal_menu    UPDATE phalapi_portal_menu SET `title` = '表格示例', `href` = 'page/phalapi-curd-table/index.html', `sort_num` = 5, `assign_admin_roles` = 'super', `assgin_admin_usernames` = '' WHERE (id = 24);|{"request":{"service":"Portal.Page.UpdateMenu"}}
2024-03-01 12:56:04|SQL|[#1 - 0.39ms - SQL]/www/wwwroot/phalapi/src/portal/Domain/Menu.php(11):    Portal\Model\Menu::getAllMenus()    phalapi.phalapi_portal_menu    SELECT * FROM phalapi_portal_menu ORDER BY sort_num;|{"request":{"service":"Portal.Page.StartUp"}}
2024-03-01 12:56:05|SQL|[#1 - 0.4ms - SQL]/www/wwwroot/phalapi/src/portal/Domain/Menu.php(64):    Portal\Model\Menu::listAllMenus()    phalapi.phalapi_portal_menu    SELECT id, id as authorityId, title as authorityName, sort_num as orderNumber, parent_id as parentId, icon as menuIcon, href as menuUrl, assign_admin_roles, assgin_admin_usernames FROM phalapi_portal_menu ORDER BY parent_id, sort_num;|{"request":{"service":"Portal.Page.Menu"}}
2024-03-01 12:56:09|SQL|[#1 - 0.21ms - SQL]/www/wwwroot/phalapi/src/portal/Api/Page.php(128):    PhalApi\Model\DataModel::count()    phalapi.phalapi_userinfo    SELECT COUNT(*) FROM phalapi_userinfo;|{"request":{"service":"Portal.Page.Welcome"}}
2024-03-01 12:56:09|SQL|[#2 - 0.19ms - SQL]/www/wwwroot/phalapi/src/portal/Domain/Admin.php(92):    Portal\Model\Admin::getTotalNum()    phalapi.phalapi_portal_admin    SELECT COUNT(id) FROM phalapi_portal_admin;|{"request":{"service":"Portal.Page.Welcome"}}
2024-03-01 12:56:09|SQL|[#1 - 0.31ms - SQL]/www/wwwroot/phalapi/src/portal/Api/User/User.php(93):    Portal\Model\User\User::getUserRegisterStat()    phalapi.phalapi_userinfo    SELECT count(*) as reg_total, FROM_UNIXTIME(utime, '%Y-%m-%d') as reg_date FROM phalapi_userinfo WHERE (utime > ?) GROUP BY FROM_UNIXTIME(utime, '%Y-%m-%d') ORDER BY reg_date; -- 1706630400|{"request":{"service":"Portal.User_User.GetUserRegisterStat"}}
2024-03-01 12:56:14|SQL|[#1 - 0.37ms - SQL]/www/wwwroot/phalapi/src/portal/Domain/Menu.php(11):    Portal\Model\Menu::getAllMenus()    phalapi.phalapi_portal_menu    SELECT * FROM phalapi_portal_menu ORDER BY sort_num;|{"request":{"service":"Portal.Page.StartUp"}}
2024-03-01 12:56:15|SQL|[#1 - 0.38ms - SQL]/www/wwwroot/phalapi/src/portal/Api/User/User.php(93):    Portal\Model\User\User::getUserRegisterStat()    phalapi.phalapi_userinfo    SELECT count(*) as reg_total, FROM_UNIXTIME(utime, '%Y-%m-%d') as reg_date FROM phalapi_userinfo WHERE (utime > ?) GROUP BY FROM_UNIXTIME(utime, '%Y-%m-%d') ORDER BY reg_date; -- 1706630400|{"request":{"service":"Portal.User_User.GetUserRegisterStat"}}
2024-03-01 12:56:15|SQL|[#1 - 0.16ms - SQL]/www/wwwroot/phalapi/src/portal/Api/Page.php(128):    PhalApi\Model\DataModel::count()    phalapi.phalapi_userinfo    SELECT COUNT(*) FROM phalapi_userinfo;|{"request":{"service":"Portal.Page.Welcome"}}
2024-03-01 12:56:15|SQL|[#2 - 0.13ms - SQL]/www/wwwroot/phalapi/src/portal/Domain/Admin.php(92):    Portal\Model\Admin::getTotalNum()    phalapi.phalapi_portal_admin    SELECT COUNT(id) FROM phalapi_portal_admin;|{"request":{"service":"Portal.Page.Welcome"}}
2024-03-01 12:56:37|SQL|[#1 - 0.31ms - SQL]/www/wwwroot/phalapi/src/portal/Domain/Menu.php(11):    Portal\Model\Menu::getAllMenus()    phalapi.phalapi_portal_menu    SELECT * FROM phalapi_portal_menu ORDER BY sort_num;|{"request":{"service":"Portal.Page.StartUp"}}
2024-03-01 12:56:38|SQL|[#1 - 0.4ms - SQL]/www/wwwroot/phalapi/src/portal/Api/User/User.php(93):    Portal\Model\User\User::getUserRegisterStat()    phalapi.phalapi_userinfo    SELECT count(*) as reg_total, FROM_UNIXTIME(utime, '%Y-%m-%d') as reg_date FROM phalapi_userinfo WHERE (utime > ?) GROUP BY FROM_UNIXTIME(utime, '%Y-%m-%d') ORDER BY reg_date; -- 1706630400|{"request":{"service":"Portal.User_User.GetUserRegisterStat"}}
2024-03-01 12:56:38|SQL|[#1 - 0.2ms - SQL]/www/wwwroot/phalapi/src/portal/Api/Page.php(128):    PhalApi\Model\DataModel::count()    phalapi.phalapi_userinfo    SELECT COUNT(*) FROM phalapi_userinfo;|{"request":{"service":"Portal.Page.Welcome"}}
2024-03-01 12:56:38|SQL|[#2 - 0.17ms - SQL]/www/wwwroot/phalapi/src/portal/Domain/Admin.php(92):    Portal\Model\Admin::getTotalNum()    phalapi.phalapi_portal_admin    SELECT COUNT(id) FROM phalapi_portal_admin;|{"request":{"service":"Portal.Page.Welcome"}}
2024-03-01 12:56:42|SQL|[#1 - 0.32ms - SQL]/www/wwwroot/phalapi/src/portal/Domain/Menu.php(11):    Portal\Model\Menu::getAllMenus()    phalapi.phalapi_portal_menu    SELECT * FROM phalapi_portal_menu ORDER BY sort_num;|{"request":{"service":"Portal.Page.StartUp"}}
2024-03-01 12:56:45|SQL|[#1 - 0.2ms - SQL]/www/wwwroot/phalapi/src/portal/Api/Page.php(128):    PhalApi\Model\DataModel::count()    phalapi.phalapi_userinfo    SELECT COUNT(*) FROM phalapi_userinfo;|{"request":{"service":"Portal.Page.Welcome"}}
2024-03-01 12:56:45|SQL|[#2 - 0.16ms - SQL]/www/wwwroot/phalapi/src/portal/Domain/Admin.php(92):    Portal\Model\Admin::getTotalNum()    phalapi.phalapi_portal_admin    SELECT COUNT(id) FROM phalapi_portal_admin;|{"request":{"service":"Portal.Page.Welcome"}}
2024-03-01 12:56:45|SQL|[#1 - 0.27ms - SQL]/www/wwwroot/phalapi/src/portal/Api/User/User.php(93):    Portal\Model\User\User::getUserRegisterStat()    phalapi.phalapi_userinfo    SELECT count(*) as reg_total, FROM_UNIXTIME(utime, '%Y-%m-%d') as reg_date FROM phalapi_userinfo WHERE (utime > ?) GROUP BY FROM_UNIXTIME(utime, '%Y-%m-%d') ORDER BY reg_date; -- 1706630400|{"request":{"service":"Portal.User_User.GetUserRegisterStat"}}
2024-03-01 13:02:57|SQL|[#1 - 0.33ms - SQL]/www/wwwroot/phalapi/src/portal/Domain/Menu.php(11):    Portal\Model\Menu::getAllMenus()    phalapi.phalapi_portal_menu    SELECT * FROM phalapi_portal_menu ORDER BY sort_num;|{"request":{"service":"Portal.Page.StartUp"}}
2024-03-01 13:03:09|SQL|[#1 - 0.32ms - SQL]/www/wwwroot/phalapi/src/portal/Domain/Menu.php(11):    Portal\Model\Menu::getAllMenus()    phalapi.phalapi_portal_menu    SELECT * FROM phalapi_portal_menu ORDER BY sort_num;|{"request":{"service":"Portal.Page.StartUp"}}
2024-03-01 13:03:11|SQL|[#1 - 0.2ms - SQL]/www/wwwroot/phalapi/src/portal/Api/Page.php(128):    PhalApi\Model\DataModel::count()    phalapi.phalapi_userinfo    SELECT COUNT(*) FROM phalapi_userinfo;|{"request":{"service":"Portal.Page.Welcome"}}
2024-03-01 13:03:11|SQL|[#2 - 0.15ms - SQL]/www/wwwroot/phalapi/src/portal/Domain/Admin.php(92):    Portal\Model\Admin::getTotalNum()    phalapi.phalapi_portal_admin    SELECT COUNT(id) FROM phalapi_portal_admin;|{"request":{"service":"Portal.Page.Welcome"}}
2024-03-01 13:03:11|SQL|[#1 - 0.33ms - SQL]/www/wwwroot/phalapi/src/portal/Api/User/User.php(93):    Portal\Model\User\User::getUserRegisterStat()    phalapi.phalapi_userinfo    SELECT count(*) as reg_total, FROM_UNIXTIME(utime, '%Y-%m-%d') as reg_date FROM phalapi_userinfo WHERE (utime > ?) GROUP BY FROM_UNIXTIME(utime, '%Y-%m-%d') ORDER BY reg_date; -- 1706630400|{"request":{"service":"Portal.User_User.GetUserRegisterStat"}}
2024-03-01 13:03:12|SQL|[#1 - 0.21ms - SQL]/www/wwwroot/phalapi/vendor/phalapi/kernal/src/Api/DataApi.php(88):    PhalApi\Model\DataModel::count()    phalapi.phalapi_userinfo    SELECT COUNT(*) FROM phalapi_userinfo;|{"request":{"service":"Portal.User_User.TableList"}}
2024-03-01 13:03:12|SQL|[#2 - 0.15ms - SQL]/www/wwwroot/phalapi/vendor/phalapi/kernal/src/Api/DataApi.php(89):    PhalApi\Model\DataModel::getList()    phalapi.phalapi_userinfo    SELECT id,username,nickname,utime,utel FROM phalapi_userinfo ORDER BY id DESC LIMIT 0,15;|{"request":{"service":"Portal.User_User.TableList"}}
2024-03-01 13:03:30|SQL|[#1 - 0.4ms - SQL]/www/wwwroot/phalapi/src/portal/Domain/Menu.php(11):    Portal\Model\Menu::getAllMenus()    phalapi.phalapi_portal_menu    SELECT * FROM phalapi_portal_menu ORDER BY sort_num;|{"request":{"service":"Portal.Page.StartUp"}}
2024-03-01 13:03:30|SQL|[#1 - 0.22ms - SQL]/www/wwwroot/phalapi/vendor/phalapi/kernal/src/Api/DataApi.php(88):    PhalApi\Model\DataModel::count()    phalapi.phalapi_userinfo    SELECT COUNT(*) FROM phalapi_userinfo;|{"request":{"service":"Portal.User_User.TableList"}}
2024-03-01 13:03:30|SQL|[#2 - 0.17ms - SQL]/www/wwwroot/phalapi/vendor/phalapi/kernal/src/Api/DataApi.php(89):    PhalApi\Model\DataModel::getList()    phalapi.phalapi_userinfo    SELECT id,username,nickname,utime,utel FROM phalapi_userinfo ORDER BY id DESC LIMIT 0,15;|{"request":{"service":"Portal.User_User.TableList"}}
2024-03-01 13:03:30|SQL|[#1 - 0.25ms - SQL]/www/wwwroot/phalapi/vendor/phalapi/kernal/src/Api/DataApi.php(88):    PhalApi\Model\DataModel::count()    phalapi.phalapi_userinfo    SELECT COUNT(*) FROM phalapi_userinfo;|{"request":{"service":"Portal.User_User.TableList"}}
2024-03-01 13:03:30|SQL|[#2 - 0.17ms - SQL]/www/wwwroot/phalapi/vendor/phalapi/kernal/src/Api/DataApi.php(89):    PhalApi\Model\DataModel::getList()    phalapi.phalapi_userinfo    SELECT id,username,nickname,utime,utel FROM phalapi_userinfo ORDER BY id DESC LIMIT 0,15;|{"request":{"service":"Portal.User_User.TableList"}}
2024-03-01 13:03:35|SQL|[#1 - 0.46ms - SQL]/www/wwwroot/phalapi/src/portal/Domain/Menu.php(11):    Portal\Model\Menu::getAllMenus()    phalapi.phalapi_portal_menu    SELECT * FROM phalapi_portal_menu ORDER BY sort_num;|{"request":{"service":"Portal.Page.StartUp"}}
2024-03-01 13:03:36|SQL|[#1 - 0.22ms - SQL]/www/wwwroot/phalapi/vendor/phalapi/kernal/src/Api/DataApi.php(88):    PhalApi\Model\DataModel::count()    phalapi.phalapi_userinfo    SELECT COUNT(*) FROM phalapi_userinfo;|{"request":{"service":"Portal.User_User.TableList"}}
2024-03-01 13:03:36|SQL|[#2 - 0.16ms - SQL]/www/wwwroot/phalapi/vendor/phalapi/kernal/src/Api/DataApi.php(89):    PhalApi\Model\DataModel::getList()    phalapi.phalapi_userinfo    SELECT id,username,nickname,utime,utel FROM phalapi_userinfo ORDER BY id DESC LIMIT 0,15;|{"request":{"service":"Portal.User_User.TableList"}}
2024-03-01 13:03:36|SQL|[#1 - 0.21ms - SQL]/www/wwwroot/phalapi/vendor/phalapi/kernal/src/Api/DataApi.php(88):    PhalApi\Model\DataModel::count()    phalapi.phalapi_userinfo    SELECT COUNT(*) FROM phalapi_userinfo;|{"request":{"service":"Portal.User_User.TableList"}}
2024-03-01 13:03:36|SQL|[#2 - 0.27ms - SQL]/www/wwwroot/phalapi/vendor/phalapi/kernal/src/Api/DataApi.php(89):    PhalApi\Model\DataModel::getList()    phalapi.phalapi_userinfo    SELECT id,username,nickname,utime,utel FROM phalapi_userinfo ORDER BY id DESC LIMIT 0,15;|{"request":{"service":"Portal.User_User.TableList"}}
2024-03-01 13:03:53|SQL|[#1 - 0.39ms - SQL]/www/wwwroot/phalapi/src/portal/Domain/Menu.php(64):    Portal\Model\Menu::listAllMenus()    phalapi.phalapi_portal_menu    SELECT id, id as authorityId, title as authorityName, sort_num as orderNumber, parent_id as parentId, icon as menuIcon, href as menuUrl, assign_admin_roles, assgin_admin_usernames FROM phalapi_portal_menu ORDER BY parent_id, sort_num;|{"request":{"service":"Portal.Page.Menu"}}
2024-03-01 13:03:56|SQL|[#1 - 0.22ms - SQL]/www/wwwroot/phalapi/vendor/phalapi/kernal/src/Api/DataApi.php(88):    PhalApi\Model\DataModel::count()    phalapi.phalapi_curd    SELECT COUNT(*) FROM phalapi_curd;|{"request":{"service":"Portal.CURD.TableList"}}
2024-03-01 13:03:56|SQL|[#2 - 0.2ms - SQL]/www/wwwroot/phalapi/vendor/phalapi/kernal/src/Api/DataApi.php(89):    PhalApi\Model\DataModel::getList()    phalapi.phalapi_curd    SELECT * FROM phalapi_curd ORDER BY id DESC LIMIT 0,15;|{"request":{"service":"Portal.CURD.TableList"}}
2024-03-01 13:04:01|SQL|[#1 - 0.25ms - SQL]/www/wwwroot/phalapi/src/portal/Api/Page.php(128):    PhalApi\Model\DataModel::count()    phalapi.phalapi_userinfo    SELECT COUNT(*) FROM phalapi_userinfo;|{"request":{"service":"Portal.Page.Welcome"}}
2024-03-01 13:04:01|SQL|[#2 - 0.2ms - SQL]/www/wwwroot/phalapi/src/portal/Domain/Admin.php(92):    Portal\Model\Admin::getTotalNum()    phalapi.phalapi_portal_admin    SELECT COUNT(id) FROM phalapi_portal_admin;|{"request":{"service":"Portal.Page.Welcome"}}
2024-03-01 13:04:01|SQL|[#1 - 0.27ms - SQL]/www/wwwroot/phalapi/src/portal/Api/User/User.php(93):    Portal\Model\User\User::getUserRegisterStat()    phalapi.phalapi_userinfo    SELECT count(*) as reg_total, FROM_UNIXTIME(utime, '%Y-%m-%d') as reg_date FROM phalapi_userinfo WHERE (utime > ?) GROUP BY FROM_UNIXTIME(utime, '%Y-%m-%d') ORDER BY reg_date; -- 1706630400|{"request":{"service":"Portal.User_User.GetUserRegisterStat"}}
2024-03-01 13:04:13|SQL|[#1 - 0.33ms - SQL]/www/wwwroot/phalapi/src/portal/Domain/Menu.php(11):    Portal\Model\Menu::getAllMenus()    phalapi.phalapi_portal_menu    SELECT * FROM phalapi_portal_menu ORDER BY sort_num;|{"request":{"service":"Portal.Page.StartUp"}}
2024-03-01 13:04:14|SQL|[#1 - 0.25ms - SQL]/www/wwwroot/phalapi/vendor/phalapi/kernal/src/Api/DataApi.php(88):    PhalApi\Model\DataModel::count()    phalapi.phalapi_userinfo    SELECT COUNT(*) FROM phalapi_userinfo;|{"request":{"service":"Portal.User_User.TableList"}}
2024-03-01 13:04:14|SQL|[#2 - 0.16ms - SQL]/www/wwwroot/phalapi/vendor/phalapi/kernal/src/Api/DataApi.php(89):    PhalApi\Model\DataModel::getList()    phalapi.phalapi_userinfo    SELECT id,username,nickname,utime,utel FROM phalapi_userinfo ORDER BY id DESC LIMIT 0,15;|{"request":{"service":"Portal.User_User.TableList"}}
2024-03-01 13:04:15|SQL|[#1 - 0.37ms - SQL]/www/wwwroot/phalapi/src/portal/Api/User/User.php(93):    Portal\Model\User\User::getUserRegisterStat()    phalapi.phalapi_userinfo    SELECT count(*) as reg_total, FROM_UNIXTIME(utime, '%Y-%m-%d') as reg_date FROM phalapi_userinfo WHERE (utime > ?) GROUP BY FROM_UNIXTIME(utime, '%Y-%m-%d') ORDER BY reg_date; -- 1706630400|{"request":{"service":"Portal.User_User.GetUserRegisterStat"}}
2024-03-01 13:04:15|SQL|[#1 - 0.2ms - SQL]/www/wwwroot/phalapi/src/portal/Api/Page.php(128):    PhalApi\Model\DataModel::count()    phalapi.phalapi_userinfo    SELECT COUNT(*) FROM phalapi_userinfo;|{"request":{"service":"Portal.Page.Welcome"}}
2024-03-01 13:04:15|SQL|[#2 - 0.13ms - SQL]/www/wwwroot/phalapi/src/portal/Domain/Admin.php(92):    Portal\Model\Admin::getTotalNum()    phalapi.phalapi_portal_admin    SELECT COUNT(id) FROM phalapi_portal_admin;|{"request":{"service":"Portal.Page.Welcome"}}
2024-03-01 13:04:22|SQL|[#1 - 0.33ms - SQL]/www/wwwroot/phalapi/src/portal/Domain/Menu.php(11):    Portal\Model\Menu::getAllMenus()    phalapi.phalapi_portal_menu    SELECT * FROM phalapi_portal_menu ORDER BY sort_num;|{"request":{"service":"Portal.Page.StartUp"}}
2024-03-01 13:04:22|SQL|[#1 - 0.26ms - SQL]/www/wwwroot/phalapi/vendor/phalapi/kernal/src/Api/DataApi.php(88):    PhalApi\Model\DataModel::count()    phalapi.phalapi_userinfo    SELECT COUNT(*) FROM phalapi_userinfo;|{"request":{"service":"Portal.User_User.TableList"}}
2024-03-01 13:04:22|SQL|[#2 - 0.18ms - SQL]/www/wwwroot/phalapi/vendor/phalapi/kernal/src/Api/DataApi.php(89):    PhalApi\Model\DataModel::getList()    phalapi.phalapi_userinfo    SELECT id,username,nickname,utime,utel FROM phalapi_userinfo ORDER BY id DESC LIMIT 0,15;|{"request":{"service":"Portal.User_User.TableList"}}
2024-03-01 13:04:23|SQL|[#1 - 0.23ms - SQL]/www/wwwroot/phalapi/src/portal/Api/Page.php(128):    PhalApi\Model\DataModel::count()    phalapi.phalapi_userinfo    SELECT COUNT(*) FROM phalapi_userinfo;|{"request":{"service":"Portal.Page.Welcome"}}
2024-03-01 13:04:23|SQL|[#2 - 0.16ms - SQL]/www/wwwroot/phalapi/src/portal/Domain/Admin.php(92):    Portal\Model\Admin::getTotalNum()    phalapi.phalapi_portal_admin    SELECT COUNT(id) FROM phalapi_portal_admin;|{"request":{"service":"Portal.Page.Welcome"}}
2024-03-01 13:04:23|SQL|[#1 - 0.27ms - SQL]/www/wwwroot/phalapi/src/portal/Api/User/User.php(93):    Portal\Model\User\User::getUserRegisterStat()    phalapi.phalapi_userinfo    SELECT count(*) as reg_total, FROM_UNIXTIME(utime, '%Y-%m-%d') as reg_date FROM phalapi_userinfo WHERE (utime > ?) GROUP BY FROM_UNIXTIME(utime, '%Y-%m-%d') ORDER BY reg_date; -- 1706630400|{"request":{"service":"Portal.User_User.GetUserRegisterStat"}}
2024-03-01 13:04:25|SQL|[#1 - 0.34ms - SQL]/www/wwwroot/phalapi/src/portal/Domain/Menu.php(11):    Portal\Model\Menu::getAllMenus()    phalapi.phalapi_portal_menu    SELECT * FROM phalapi_portal_menu ORDER BY sort_num;|{"request":{"service":"Portal.Page.StartUp"}}
2024-03-01 13:04:26|SQL|[#1 - 0.21ms - SQL]/www/wwwroot/phalapi/vendor/phalapi/kernal/src/Api/DataApi.php(88):    PhalApi\Model\DataModel::count()    phalapi.phalapi_userinfo    SELECT COUNT(*) FROM phalapi_userinfo;|{"request":{"service":"Portal.User_User.TableList"}}
2024-03-01 13:04:26|SQL|[#2 - 0.19ms - SQL]/www/wwwroot/phalapi/vendor/phalapi/kernal/src/Api/DataApi.php(89):    PhalApi\Model\DataModel::getList()    phalapi.phalapi_userinfo    SELECT id,username,nickname,utime,utel FROM phalapi_userinfo ORDER BY id DESC LIMIT 0,15;|{"request":{"service":"Portal.User_User.TableList"}}
2024-03-01 13:04:29|SQL|[#1 - 0.21ms - SQL]/www/wwwroot/phalapi/vendor/phalapi/kernal/src/Api/DataApi.php(88):    PhalApi\Model\DataModel::count()    phalapi.phalapi_userinfo    SELECT COUNT(*) FROM phalapi_userinfo;|{"request":{"service":"Portal.User_User.TableList"}}
2024-03-01 13:04:29|SQL|[#2 - 0.2ms - SQL]/www/wwwroot/phalapi/vendor/phalapi/kernal/src/Api/DataApi.php(89):    PhalApi\Model\DataModel::getList()    phalapi.phalapi_userinfo    SELECT id,username,nickname,utime,utel FROM phalapi_userinfo ORDER BY id DESC LIMIT 0,15;|{"request":{"service":"Portal.User_User.TableList"}}
2024-03-01 13:04:33|SQL|[#1 - 0.35ms - SQL]/www/wwwroot/phalapi/src/portal/Domain/Menu.php(64):    Portal\Model\Menu::listAllMenus()    phalapi.phalapi_portal_menu    SELECT id, id as authorityId, title as authorityName, sort_num as orderNumber, parent_id as parentId, icon as menuIcon, href as menuUrl, assign_admin_roles, assgin_admin_usernames FROM phalapi_portal_menu ORDER BY parent_id, sort_num;|{"request":{"service":"Portal.Page.Menu"}}
2024-03-01 13:04:35|SQL|[#1 - 0.24ms - SQL]/www/wwwroot/phalapi/vendor/phalapi/kernal/src/Api/DataApi.php(88):    PhalApi\Model\DataModel::count()    phalapi.phalapi_curd    SELECT COUNT(*) FROM phalapi_curd;|{"request":{"service":"Portal.CURD.TableList"}}
2024-03-01 13:04:35|SQL|[#2 - 0.16ms - SQL]/www/wwwroot/phalapi/vendor/phalapi/kernal/src/Api/DataApi.php(89):    PhalApi\Model\DataModel::getList()    phalapi.phalapi_curd    SELECT * FROM phalapi_curd ORDER BY id DESC LIMIT 0,15;|{"request":{"service":"Portal.CURD.TableList"}}
2024-03-01 13:04:39|SQL|[#1 - 0.26ms - SQL]/www/wwwroot/phalapi/src/portal/Api/Page.php(128):    PhalApi\Model\DataModel::count()    phalapi.phalapi_userinfo    SELECT COUNT(*) FROM phalapi_userinfo;|{"request":{"service":"Portal.Page.Welcome"}}
2024-03-01 13:04:39|SQL|[#2 - 0.23ms - SQL]/www/wwwroot/phalapi/src/portal/Domain/Admin.php(92):    Portal\Model\Admin::getTotalNum()    phalapi.phalapi_portal_admin    SELECT COUNT(id) FROM phalapi_portal_admin;|{"request":{"service":"Portal.Page.Welcome"}}
2024-03-01 13:04:39|SQL|[#1 - 0.28ms - SQL]/www/wwwroot/phalapi/src/portal/Api/User/User.php(93):    Portal\Model\User\User::getUserRegisterStat()    phalapi.phalapi_userinfo    SELECT count(*) as reg_total, FROM_UNIXTIME(utime, '%Y-%m-%d') as reg_date FROM phalapi_userinfo WHERE (utime > ?) GROUP BY FROM_UNIXTIME(utime, '%Y-%m-%d') ORDER BY reg_date; -- 1706630400|{"request":{"service":"Portal.User_User.GetUserRegisterStat"}}
2024-03-01 13:04:43|SQL|[#1 - 0.21ms - SQL]/www/wwwroot/phalapi/vendor/phalapi/kernal/src/Api/DataApi.php(88):    PhalApi\Model\DataModel::count()    phalapi.phalapi_userinfo    SELECT COUNT(*) FROM phalapi_userinfo;|{"request":{"service":"Portal.User_User.TableList"}}
2024-03-01 13:04:43|SQL|[#2 - 0.21ms - SQL]/www/wwwroot/phalapi/vendor/phalapi/kernal/src/Api/DataApi.php(89):    PhalApi\Model\DataModel::getList()    phalapi.phalapi_userinfo    SELECT id,username,nickname,utime,utel FROM phalapi_userinfo ORDER BY id DESC LIMIT 0,15;|{"request":{"service":"Portal.User_User.TableList"}}
2024-03-01 13:04:53|SQL|[#1 - 0.4ms - SQL]/www/wwwroot/phalapi/src/portal/Domain/Menu.php(11):    Portal\Model\Menu::getAllMenus()    phalapi.phalapi_portal_menu    SELECT * FROM phalapi_portal_menu ORDER BY sort_num;|{"request":{"service":"Portal.Page.StartUp"}}
2024-03-01 13:04:53|SQL|[#1 - 0.21ms - SQL]/www/wwwroot/phalapi/vendor/phalapi/kernal/src/Api/DataApi.php(88):    PhalApi\Model\DataModel::count()    phalapi.phalapi_userinfo    SELECT COUNT(*) FROM phalapi_userinfo;|{"request":{"service":"Portal.User_User.TableList"}}
2024-03-01 13:04:53|SQL|[#2 - 0.16ms - SQL]/www/wwwroot/phalapi/vendor/phalapi/kernal/src/Api/DataApi.php(89):    PhalApi\Model\DataModel::getList()    phalapi.phalapi_userinfo    SELECT id,username,nickname,utime,utel FROM phalapi_userinfo ORDER BY id DESC LIMIT 0,15;|{"request":{"service":"Portal.User_User.TableList"}}
2024-03-01 13:04:53|SQL|[#1 - 0.21ms - SQL]/www/wwwroot/phalapi/vendor/phalapi/kernal/src/Api/DataApi.php(88):    PhalApi\Model\DataModel::count()    phalapi.phalapi_userinfo    SELECT COUNT(*) FROM phalapi_userinfo;|{"request":{"service":"Portal.User_User.TableList"}}
2024-03-01 13:04:53|SQL|[#2 - 0.22ms - SQL]/www/wwwroot/phalapi/vendor/phalapi/kernal/src/Api/DataApi.php(89):    PhalApi\Model\DataModel::getList()    phalapi.phalapi_userinfo    SELECT id,username,nickname,utime,utel FROM phalapi_userinfo ORDER BY id DESC LIMIT 0,15;|{"request":{"service":"Portal.User_User.TableList"}}
2024-03-01 13:05:03|SQL|[#1 - 0.39ms - SQL]/www/wwwroot/phalapi/src/portal/Domain/Menu.php(64):    Portal\Model\Menu::listAllMenus()    phalapi.phalapi_portal_menu    SELECT id, id as authorityId, title as authorityName, sort_num as orderNumber, parent_id as parentId, icon as menuIcon, href as menuUrl, assign_admin_roles, assgin_admin_usernames FROM phalapi_portal_menu ORDER BY parent_id, sort_num;|{"request":{"service":"Portal.Page.Menu"}}
2024-03-01 13:05:05|SQL|[#1 - 0.33ms - SQL]/www/wwwroot/phalapi/vendor/phalapi/kernal/src/Api/DataApi.php(88):    PhalApi\Model\DataModel::count()    phalapi.phalapi_curd    SELECT COUNT(*) FROM phalapi_curd;|{"request":{"service":"Portal.CURD.TableList"}}
2024-03-01 13:05:05|SQL|[#2 - 0.16ms - SQL]/www/wwwroot/phalapi/vendor/phalapi/kernal/src/Api/DataApi.php(89):    PhalApi\Model\DataModel::getList()    phalapi.phalapi_curd    SELECT * FROM phalapi_curd ORDER BY id DESC LIMIT 0,15;|{"request":{"service":"Portal.CURD.TableList"}}
2024-03-01 13:05:13|SQL|[#1 - 57.31ms - SQL]/www/wwwroot/phalapi/src/portal/Api/Page.php(99):    Portal\Domain\Menu::deleteMenu()    phalapi.phalapi_portal_menu    DELETE FROM phalapi_portal_menu WHERE (id = 25);|{"request":{"service":"Portal.Page.DeleteMenu"}}
2024-03-01 13:05:17|SQL|[#1 - 0.35ms - SQL]/www/wwwroot/phalapi/src/portal/Domain/Menu.php(11):    Portal\Model\Menu::getAllMenus()    phalapi.phalapi_portal_menu    SELECT * FROM phalapi_portal_menu ORDER BY sort_num;|{"request":{"service":"Portal.Page.StartUp"}}
2024-03-01 13:05:18|SQL|[#1 - 0.22ms - SQL]/www/wwwroot/phalapi/vendor/phalapi/kernal/src/Api/DataApi.php(88):    PhalApi\Model\DataModel::count()    phalapi.phalapi_userinfo    SELECT COUNT(*) FROM phalapi_userinfo;|{"request":{"service":"Portal.User_User.TableList"}}
2024-03-01 13:05:18|SQL|[#2 - 0.2ms - SQL]/www/wwwroot/phalapi/vendor/phalapi/kernal/src/Api/DataApi.php(89):    PhalApi\Model\DataModel::getList()    phalapi.phalapi_userinfo    SELECT id,username,nickname,utime,utel FROM phalapi_userinfo ORDER BY id DESC LIMIT 0,15;|{"request":{"service":"Portal.User_User.TableList"}}
2024-03-01 13:05:18|SQL|[#1 - 0.16ms - SQL]/www/wwwroot/phalapi/vendor/phalapi/kernal/src/Api/DataApi.php(88):    PhalApi\Model\DataModel::count()    phalapi.phalapi_curd    SELECT COUNT(*) FROM phalapi_curd;|{"request":{"service":"Portal.CURD.TableList"}}
2024-03-01 13:05:18|SQL|[#2 - 0.14ms - SQL]/www/wwwroot/phalapi/vendor/phalapi/kernal/src/Api/DataApi.php(89):    PhalApi\Model\DataModel::getList()    phalapi.phalapi_curd    SELECT * FROM phalapi_curd ORDER BY id DESC LIMIT 0,15;|{"request":{"service":"Portal.CURD.TableList"}}
2024-03-01 13:05:27|SQL|[#1 - 0.33ms - SQL]/www/wwwroot/phalapi/src/portal/Domain/Menu.php(64):    Portal\Model\Menu::listAllMenus()    phalapi.phalapi_portal_menu    SELECT id, id as authorityId, title as authorityName, sort_num as orderNumber, parent_id as parentId, icon as menuIcon, href as menuUrl, assign_admin_roles, assgin_admin_usernames FROM phalapi_portal_menu ORDER BY parent_id, sort_num;|{"request":{"service":"Portal.Page.Menu"}}
2024-03-01 13:05:30|SQL|[#1 - 0.35ms - SQL]/www/wwwroot/phalapi/src/portal/Api/Page.php(108):    Portal\Domain\Menu::getMenu()    phalapi.phalapi_portal_menu    SELECT * FROM phalapi_portal_menu WHERE (id = 101);|{"request":{"service":"Portal.Page.GetMenu"}}
2024-03-01 13:05:30|SQL|[#2 - 0.19ms - SQL]/www/wwwroot/phalapi/src/portal/Domain/Admin.php(87):    PhalApi\Model\DataModel::getList()    phalapi.phalapi_portal_admin_role    SELECT * FROM phalapi_portal_admin_role LIMIT 0,100;|{"request":{"service":"Portal.Page.GetMenu"}}
2024-03-01 13:05:32|SQL|[#1 - 71.81ms - SQL]/www/wwwroot/phalapi/src/portal/Api/Page.php(117):    Portal\Domain\Menu::updateMenu()    phalapi.phalapi_portal_menu    UPDATE phalapi_portal_menu SET `title` = '仪表盘', `href` = 'page/welcome-1.html', `sort_num` = 1, `assign_admin_roles` = 'super', `assgin_admin_usernames` = '' WHERE (id = 101);|{"request":{"service":"Portal.Page.UpdateMenu"}}
2024-03-01 13:05:36|SQL|[#1 - 0.31ms - SQL]/www/wwwroot/phalapi/src/portal/Domain/Menu.php(11):    Portal\Model\Menu::getAllMenus()    phalapi.phalapi_portal_menu    SELECT * FROM phalapi_portal_menu ORDER BY sort_num;|{"request":{"service":"Portal.Page.StartUp"}}
2024-03-01 13:05:36|SQL|[#1 - 0.27ms - SQL]/www/wwwroot/phalapi/vendor/phalapi/kernal/src/Api/DataApi.php(88):    PhalApi\Model\DataModel::count()    phalapi.phalapi_userinfo    SELECT COUNT(*) FROM phalapi_userinfo;|{"request":{"service":"Portal.User_User.TableList"}}
2024-03-01 13:05:36|SQL|[#2 - 0.28ms - SQL]/www/wwwroot/phalapi/vendor/phalapi/kernal/src/Api/DataApi.php(89):    PhalApi\Model\DataModel::getList()    phalapi.phalapi_userinfo    SELECT id,username,nickname,utime,utel FROM phalapi_userinfo ORDER BY id DESC LIMIT 0,15;|{"request":{"service":"Portal.User_User.TableList"}}
2024-03-01 13:05:37|SQL|[#1 - 0.34ms - SQL]/www/wwwroot/phalapi/src/portal/Domain/Menu.php(64):    Portal\Model\Menu::listAllMenus()    phalapi.phalapi_portal_menu    SELECT id, id as authorityId, title as authorityName, sort_num as orderNumber, parent_id as parentId, icon as menuIcon, href as menuUrl, assign_admin_roles, assgin_admin_usernames FROM phalapi_portal_menu ORDER BY parent_id, sort_num;|{"request":{"service":"Portal.Page.Menu"}}
2024-03-01 13:05:59|SQL|[#1 - 0.37ms - SQL]/www/wwwroot/phalapi/src/portal/Domain/Menu.php(64):    Portal\Model\Menu::listAllMenus()    phalapi.phalapi_portal_menu    SELECT id, id as authorityId, title as authorityName, sort_num as orderNumber, parent_id as parentId, icon as menuIcon, href as menuUrl, assign_admin_roles, assgin_admin_usernames FROM phalapi_portal_menu ORDER BY parent_id, sort_num;|{"request":{"service":"Portal.Page.Menu"}}
2024-03-01 13:06:15|SQL|[#1 - 0.22ms - SQL]/www/wwwroot/phalapi/src/portal/Api/Page.php(128):    PhalApi\Model\DataModel::count()    phalapi.phalapi_userinfo    SELECT COUNT(*) FROM phalapi_userinfo;|{"request":{"service":"Portal.Page.Welcome"}}
2024-03-01 13:06:15|SQL|[#2 - 0.16ms - SQL]/www/wwwroot/phalapi/src/portal/Domain/Admin.php(92):    Portal\Model\Admin::getTotalNum()    phalapi.phalapi_portal_admin    SELECT COUNT(id) FROM phalapi_portal_admin;|{"request":{"service":"Portal.Page.Welcome"}}
2024-03-01 13:06:15|SQL|[#1 - 0.34ms - SQL]/www/wwwroot/phalapi/src/portal/Api/User/User.php(93):    Portal\Model\User\User::getUserRegisterStat()    phalapi.phalapi_userinfo    SELECT count(*) as reg_total, FROM_UNIXTIME(utime, '%Y-%m-%d') as reg_date FROM phalapi_userinfo WHERE (utime > ?) GROUP BY FROM_UNIXTIME(utime, '%Y-%m-%d') ORDER BY reg_date; -- 1706630400|{"request":{"service":"Portal.User_User.GetUserRegisterStat"}}
